TRACE::2025-01-30.16:55:16::SCWBifWriter::Found the complete platform C:/Users/jaxie963/workspace/zynq_design_1_wrapper/export/zynq_design_1_wrapper/zynq_design_1_wrapper.xpfm
TRACE::2025-01-30.16:55:16::SCWBifWriter::hardware databse : zynq_design_1_wrapper_1
TRACE::2025-01-30.16:55:16::SCWBifWriter::bitstream found in the design
TRACE::2025-01-30.16:55:16::SCWBifWriter::Found a baremetal domain, proc: ps7_cortexa9_0
TRACE::2025-01-30.16:55:16::SCWBifWriter::proc type : 
TRACE::2025-01-30.16:55:16::SCWBifWriter::proc[0] : ps7_cortexa9_0
TRACE::2025-01-30.16:55:16::SCWBifWriter::Device type is : zynq
TRACE::2025-01-30.16:55:16::SCWBifWriter::Writing BIF to file : C:/Users/jaxie963/workspace/Zynq_Design_system/Debug/system.bif
TRACE::2025-01-30.16:55:16::SCWBifWriter::Writing the Zynq Baremetal bif 
TRACE::2025-01-30.17:44:04::SCWBifWriter::Found the complete platform C:/Users/jaxie963/workspace/zynq_design_1_wrapper/export/zynq_design_1_wrapper/zynq_design_1_wrapper.xpfm
TRACE::2025-01-30.17:44:04::SCWBifWriter::hardware databse : zynq_design_1_wrapper_1
TRACE::2025-01-30.17:44:04::SCWBifWriter::bitstream found in the design
TRACE::2025-01-30.17:44:04::SCWBifWriter::Found a baremetal domain, proc: ps7_cortexa9_0
TRACE::2025-01-30.17:44:04::SCWBifWriter::proc type : 
TRACE::2025-01-30.17:44:04::SCWBifWriter::proc[0] : ps7_cortexa9_0
TRACE::2025-01-30.17:44:04::SCWBifWriter::Device type is : zynq
TRACE::2025-01-30.17:44:04::SCWBifWriter::Writing BIF to file : C:/Users/jaxie963/workspace/Zynq_Design_system/Debug/system.bif
TRACE::2025-01-30.17:44:04::SCWBifWriter::Writing the Zynq Baremetal bif 
TRACE::2025-01-30.18:26:39::SCWBifWriter::Found the complete platform C:/Users/jaxie963/workspace/zynq_design_1_wrapper/export/zynq_design_1_wrapper/zynq_design_1_wrapper.xpfm
TRACE::2025-01-30.18:26:39::SCWBifWriter::hardware databse : zynq_design_1_wrapper_1
TRACE::2025-01-30.18:26:39::SCWBifWriter::bitstream found in the design
TRACE::2025-01-30.18:26:39::SCWBifWriter::Found a baremetal domain, proc: ps7_cortexa9_0
TRACE::2025-01-30.18:26:39::SCWBifWriter::proc type : 
TRACE::2025-01-30.18:26:39::SCWBifWriter::proc[0] : ps7_cortexa9_0
TRACE::2025-01-30.18:26:39::SCWBifWriter::Device type is : zynq
TRACE::2025-01-30.18:26:39::SCWBifWriter::Writing BIF to file : C:/Users/jaxie963/workspace/Zynq_Design_system/Debug/system.bif
TRACE::2025-01-30.18:26:39::SCWBifWriter::Writing the Zynq Baremetal bif 
