INFO: [VRFC 10-163] Analyzing VHDL file "C:/Users/jaxie963/cpre488/Labs/MP-0/mp-0_SB3_section_a/mp-0_SB3_section_a.ip_user_files/bd/zynq_design_1/ip/zynq_design_1_axi_gpio_0_0/sim/zynq_design_1_axi_gpio_0_0.vhd" into library xil_defaultlib
INFO: [VRFC 10-3107] analyzing entity 'zynq_design_1_axi_gpio_0_0'
INFO: [VRFC 10-163] Analyzing VHDL file "C:/Users/jaxie963/cpre488/Labs/MP-0/mp-0_SB3_section_a/mp-0_SB3_section_a.ip_user_files/bd/zynq_design_1/ip/zynq_design_1_axi_gpio_1_0/sim/zynq_design_1_axi_gpio_1_0.vhd" into library xil_defaultlib
INFO: [VRFC 10-3107] analyzing entity 'zynq_design_1_axi_gpio_1_0'
INFO: [VRFC 10-163] Analyzing VHDL file "C:/Users/jaxie963/cpre488/Labs/MP-0/mp-0_SB3_section_a/mp-0_SB3_section_a.ip_user_files/bd/zynq_design_1/ip/zynq_design_1_axi_gpio_2_0/sim/zynq_design_1_axi_gpio_2_0.vhd" into library xil_defaultlib
INFO: [VRFC 10-3107] analyzing entity 'zynq_design_1_axi_gpio_2_0'
INFO: [VRFC 10-163] Analyzing VHDL file "C:/Users/jaxie963/cpre488/Labs/MP-0/mp-0_SB3_section_a/mp-0_SB3_section_a.ip_user_files/bd/zynq_design_1/ip/zynq_design_1_rst_ps7_0_100M_0/sim/zynq_design_1_rst_ps7_0_100M_0.vhd" into library xil_defaultlib
INFO: [VRFC 10-3107] analyzing entity 'zynq_design_1_rst_ps7_0_100M_0'
INFO: [VRFC 10-163] Analyzing VHDL file "C:/Users/jaxie963/cpre488/Labs/MP-0/mp-0_SB3_section_a/mp-0_SB3_section_a.ip_user_files/bd/zynq_design_1/ip/zynq_design_1_system_ila_0_1/sim/zynq_design_1_system_ila_0_1.vhd" into library xil_defaultlib
INFO: [VRFC 10-3107] analyzing entity 'zynq_design_1_system_ila_0_1'
INFO: [VRFC 10-163] Analyzing VHDL file "C:/Users/jaxie963/cpre488/Labs/MP-0/mp-0_SB3_section_a/mp-0_SB3_section_a.ip_user_files/bd/zynq_design_1/ip/zynq_design_1_axi_vdma_0_0/sim/zynq_design_1_axi_vdma_0_0.vhd" into library xil_defaultlib
INFO: [VRFC 10-3107] analyzing entity 'zynq_design_1_axi_vdma_0_0'
INFO: [VRFC 10-163] Analyzing VHDL file "C:/Users/jaxie963/cpre488/Labs/MP-0/mp-0_SB3_section_a/mp-0_SB3_section_a.ip_user_files/bd/zynq_design_1/ip/zynq_design_1_v_tc_0_0/sim/zynq_design_1_v_tc_0_0.vhd" into library xil_defaultlib
INFO: [VRFC 10-3107] analyzing entity 'zynq_design_1_v_tc_0_0'
INFO: [VRFC 10-163] Analyzing VHDL file "C:/Users/jaxie963/cpre488/Labs/MP-0/mp-0_SB3_section_a/mp-0_SB3_section_a.ip_user_files/bd/zynq_design_1/sim/zynq_design_1.vhd" into library xil_defaultlib
INFO: [VRFC 10-3107] analyzing entity 'm00_couplers_imp_18AWEIM'
INFO: [VRFC 10-3107] analyzing entity 'm00_couplers_imp_WXE98K'
INFO: [VRFC 10-3107] analyzing entity 'm01_couplers_imp_1CEBHM'
INFO: [VRFC 10-3107] analyzing entity 'm02_couplers_imp_VP3VRR'
INFO: [VRFC 10-3107] analyzing entity 'm03_couplers_imp_1SQFXOJ'
INFO: [VRFC 10-3107] analyzing entity 'm04_couplers_imp_18DUMLP'
INFO: [VRFC 10-3107] analyzing entity 's00_couplers_imp_T90PQ3'
INFO: [VRFC 10-3107] analyzing entity 's00_couplers_imp_ZMS6PT'
INFO: [VRFC 10-3107] analyzing entity 's01_couplers_imp_1V67X7Z'
INFO: [VRFC 10-3107] analyzing entity 's01_couplers_imp_7IXLN9'
INFO: [VRFC 10-3107] analyzing entity 'zynq_design_1_axi_mem_intercon_1'
INFO: [VRFC 10-3107] analyzing entity 'zynq_design_1_ps7_0_axi_periph_0'
INFO: [VRFC 10-3107] analyzing entity 'zynq_design_1'
INFO: [VRFC 10-163] Analyzing VHDL file "C:/Users/jaxie963/cpre488/Labs/MP-0/mp-0_SB3_section_a/mp-0_SB3_section_a.ip_user_files/bd/zynq_design_1/ip/zynq_design_1_system_ila_1_1/bd_0/sim/bd_c36e.vhd" into library xil_defaultlib
INFO: [VRFC 10-3107] analyzing entity 'bd_c36e'
INFO: [VRFC 10-163] Analyzing VHDL file "C:/Users/jaxie963/cpre488/Labs/MP-0/mp-0_SB3_section_a/mp-0_SB3_section_a.ip_user_files/bd/zynq_design_1/ip/zynq_design_1_system_ila_1_1/bd_0/ip/ip_0/sim/bd_c36e_ila_lib_0.vhd" into library xil_defaultlib
INFO: [VRFC 10-3107] analyzing entity 'bd_c36e_ila_lib_0'
INFO: [VRFC 10-163] Analyzing VHDL file "C:/Users/jaxie963/cpre488/Labs/MP-0/mp-0_SB3_section_a/mp-0_SB3_section_a.ip_user_files/bd/zynq_design_1/ip/zynq_design_1_system_ila_1_1/sim/zynq_design_1_system_ila_1_1.vhd" into library xil_defaultlib
INFO: [VRFC 10-3107] analyzing entity 'zynq_design_1_system_ila_1_1'
INFO: [VRFC 10-163] Analyzing VHDL file "C:/Users/jaxie963/cpre488/Labs/MP-0/mp-0_SB3_section_a/mp-0_SB3_section_a.srcs/sources_1/bd/zynq_design_1/hdl/zynq_design_1_wrapper.vhd" into library xil_defaultlib
INFO: [VRFC 10-3107] analyzing entity 'zynq_design_1_wrapper'
