INFO: [VRFC 10-2263] Analyzing Verilog file "C:/Users/jaxie963/cpre488/Labs/MP-0/mp-0_SB3_section_a/mp-0_SB3_section_a.ip_user_files/bd/zynq_design_1/ip/zynq_design_1_processing_system7_0_0/sim/zynq_design_1_processing_system7_0_0.v" into library xil_defaultlib
INFO: [VRFC 10-311] analyzing module zynq_design_1_processing_system7_0_0
INFO: [VRFC 10-2263] Analyzing Verilog file "C:/Users/jaxie963/cpre488/Labs/MP-0/mp-0_SB3_section_a/mp-0_SB3_section_a.ip_user_files/bd/zynq_design_1/ip/zynq_design_1_xbar_0/sim/zynq_design_1_xbar_0.v" into library xil_defaultlib
INFO: [VRFC 10-311] analyzing module zynq_design_1_xbar_0
INFO: [VRFC 10-2263] Analyzing Verilog file "C:/Users/jaxie963/cpre488/Labs/MP-0/mp-0_SB3_section_a/mp-0_SB3_section_a.ip_user_files/bd/zynq_design_1/ip/zynq_design_1_v_axi4s_vid_out_0_0/sim/zynq_design_1_v_axi4s_vid_out_0_0.v" into library xil_defaultlib
INFO: [VRFC 10-311] analyzing module zynq_design_1_v_axi4s_vid_out_0_0
INFO: [VRFC 10-2263] Analyzing Verilog file "C:/Users/jaxie963/cpre488/Labs/MP-0/mp-0_SB3_section_a/mp-0_SB3_section_a.ip_user_files/bd/zynq_design_1/ip/zynq_design_1_xbar_2/sim/zynq_design_1_xbar_2.v" into library xil_defaultlib
INFO: [VRFC 10-311] analyzing module zynq_design_1_xbar_2
INFO: [VRFC 10-2263] Analyzing Verilog file "C:/Users/jaxie963/cpre488/Labs/MP-0/mp-0_SB3_section_a/mp-0_SB3_section_a.ip_user_files/bd/zynq_design_1/ip/zynq_design_1_xlslice_0_0/sim/zynq_design_1_xlslice_0_0.v" into library xil_defaultlib
INFO: [VRFC 10-311] analyzing module zynq_design_1_xlslice_0_0
INFO: [VRFC 10-2263] Analyzing Verilog file "C:/Users/jaxie963/cpre488/Labs/MP-0/mp-0_SB3_section_a/mp-0_SB3_section_a.ip_user_files/bd/zynq_design_1/ip/zynq_design_1_xlslice_0_1/sim/zynq_design_1_xlslice_0_1.v" into library xil_defaultlib
INFO: [VRFC 10-311] analyzing module zynq_design_1_xlslice_0_1
INFO: [VRFC 10-2263] Analyzing Verilog file "C:/Users/jaxie963/cpre488/Labs/MP-0/mp-0_SB3_section_a/mp-0_SB3_section_a.ip_user_files/bd/zynq_design_1/ip/zynq_design_1_xlslice_0_2/sim/zynq_design_1_xlslice_0_2.v" into library xil_defaultlib
INFO: [VRFC 10-311] analyzing module zynq_design_1_xlslice_0_2
INFO: [VRFC 10-2263] Analyzing Verilog file "C:/Users/jaxie963/cpre488/Labs/MP-0/mp-0_SB3_section_a/mp-0_SB3_section_a.ip_user_files/bd/zynq_design_1/ip/zynq_design_1_system_ila_1_1/bd_0/ip/ip_1/bd_c36e_g_inst_0_gigantic_mux.v" into library xil_defaultlib
INFO: [VRFC 10-311] analyzing module bd_c36e_g_inst_0_gigantic_mux
INFO: [VRFC 10-2263] Analyzing Verilog file "C:/Users/jaxie963/cpre488/Labs/MP-0/mp-0_SB3_section_a/mp-0_SB3_section_a.ip_user_files/bd/zynq_design_1/ip/zynq_design_1_system_ila_1_1/bd_0/ip/ip_1/sim/bd_c36e_g_inst_0.v" into library xil_defaultlib
INFO: [VRFC 10-311] analyzing module bd_c36e_g_inst_0
INFO: [VRFC 10-2263] Analyzing Verilog file "C:/Users/jaxie963/cpre488/Labs/MP-0/mp-0_SB3_section_a/mp-0_SB3_section_a.ip_user_files/bd/zynq_design_1/ip/zynq_design_1_system_ila_1_1/bd_0/ip/ip_2/sim/bd_c36e_slot_0_aw_0.v" into library xil_defaultlib
INFO: [VRFC 10-311] analyzing module bd_c36e_slot_0_aw_0
INFO: [VRFC 10-2263] Analyzing Verilog file "C:/Users/jaxie963/cpre488/Labs/MP-0/mp-0_SB3_section_a/mp-0_SB3_section_a.ip_user_files/bd/zynq_design_1/ip/zynq_design_1_system_ila_1_1/bd_0/ip/ip_3/sim/bd_c36e_slot_0_w_0.v" into library xil_defaultlib
INFO: [VRFC 10-311] analyzing module bd_c36e_slot_0_w_0
INFO: [VRFC 10-2263] Analyzing Verilog file "C:/Users/jaxie963/cpre488/Labs/MP-0/mp-0_SB3_section_a/mp-0_SB3_section_a.ip_user_files/bd/zynq_design_1/ip/zynq_design_1_system_ila_1_1/bd_0/ip/ip_4/sim/bd_c36e_slot_0_b_0.v" into library xil_defaultlib
INFO: [VRFC 10-311] analyzing module bd_c36e_slot_0_b_0
INFO: [VRFC 10-2263] Analyzing Verilog file "C:/Users/jaxie963/cpre488/Labs/MP-0/mp-0_SB3_section_a/mp-0_SB3_section_a.ip_user_files/bd/zynq_design_1/ip/zynq_design_1_system_ila_1_1/bd_0/ip/ip_5/sim/bd_c36e_slot_0_ar_0.v" into library xil_defaultlib
INFO: [VRFC 10-311] analyzing module bd_c36e_slot_0_ar_0
INFO: [VRFC 10-2263] Analyzing Verilog file "C:/Users/jaxie963/cpre488/Labs/MP-0/mp-0_SB3_section_a/mp-0_SB3_section_a.ip_user_files/bd/zynq_design_1/ip/zynq_design_1_system_ila_1_1/bd_0/ip/ip_6/sim/bd_c36e_slot_0_r_0.v" into library xil_defaultlib
INFO: [VRFC 10-311] analyzing module bd_c36e_slot_0_r_0
INFO: [VRFC 10-2263] Analyzing Verilog file "C:/Users/jaxie963/cpre488/Labs/MP-0/mp-0_SB3_section_a/mp-0_SB3_section_a.ip_user_files/bd/zynq_design_1/ip/zynq_design_1_auto_pc_0/sim/zynq_design_1_auto_pc_0.v" into library xil_defaultlib
INFO: [VRFC 10-311] analyzing module zynq_design_1_auto_pc_0
INFO: [VRFC 10-2263] Analyzing Verilog file "C:/Users/jaxie963/cpre488/Labs/MP-0/mp-0_SB3_section_a/mp-0_SB3_section_a.ip_user_files/bd/zynq_design_1/ip/zynq_design_1_auto_pc_1/sim/zynq_design_1_auto_pc_1.v" into library xil_defaultlib
INFO: [VRFC 10-311] analyzing module zynq_design_1_auto_pc_1
INFO: [VRFC 10-2263] Analyzing Verilog file "C:/Users/jaxie963/cpre488/Labs/MP-0/mp-0_SB3_section_a/mp-0_SB3_section_a.sim/sim_1/behav/xsim/glbl.v" into library xil_defaultlib
INFO: [VRFC 10-311] analyzing module glbl
