#-----------------------------------------------------------
# Vivado v2020.1 (64-bit)
# SW Build 2902540 on Wed May 27 19:54:49 MDT 2020
# IP Build 2902112 on Wed May 27 22:43:36 MDT 2020
# Start of session at: Thu Feb 20 19:36:15 2025
# Process ID: 11148
# Current directory: C:/Users/jaxie963/Temp/cpre488/Projects/ip_repo
# Command line: vivado.exe -gui_launcher_event rodinguilauncherevent15160 C:\Users\jaxie963\Temp\cpre488\Projects\ip_repo\edit_PPM_v1_0.xpr
# Log file: C:/Users/jaxie963/Temp/cpre488/Projects/ip_repo/vivado.log
# Journal file: C:/Users/jaxie963/Temp/cpre488/Projects/ip_repo\vivado.jou
#-----------------------------------------------------------
start_gui
open_project C:/Users/jaxie963/Temp/cpre488/Projects/ip_repo/edit_PPM_v1_0.xpr
Scanning sources...
Finished scanning sources
WARNING: [filemgmt 56-3] Default IP Output Path : Could not find the directory 'C:/Users/jaxie963/Temp/cpre488/Projects/ip_repo/edit_PPM_v1_0.srcs/sources_1'.
INFO: [IP_Flow 19-234] Refreshing IP repositories
INFO: [IP_Flow 19-1700] Loaded user IP repository 'c:/Users/jaxie963/Temp/cpre488/Projects/ip_repo/PPM_1.0'.
WARNING: [IP_Flow 19-2207] Repository 'c:/Users/jaxie963/Temp/cpre488/Projects/ip_repo/PPM_1.0' already exists; ignoring attempt to add it again.
INFO: [IP_Flow 19-1700] Loaded user IP repository 'c:/Users/jaxie963/Temp/cpre488/Projects/ip_repo/PPM_1.0'.
WARNING: [IP_Flow 19-2207] Repository 'c:/Users/jaxie963/Temp/cpre488/Projects/ip_repo/PPM_1.0' already exists; ignoring attempt to add it again.
INFO: [IP_Flow 19-1700] Loaded user IP repository 'c:/Users/jaxie963/Temp/cpre488/Projects/ip_repo/PPM_1.0'.
INFO: [IP_Flow 19-2313] Loaded Vivado IP repository 'C:/Xilinx/Vivado/2020.1/data/ip'.
update_compile_order -fileset sources_1
exit
INFO: [Common 17-206] Exiting Vivado at Thu Feb 20 19:36:34 2025...
