09:42:04 INFO  : Launching XSCT server: xsct.bat -n  -interactive C:\Users\neastbur\cpre488\mps\MP-0\eclipse_workspace\temp_xsdb_launch_script.tcl
09:42:04 INFO  : Registering command handlers for Vitis TCF services
09:42:06 INFO  : XSCT server has started successfully.
09:42:06 INFO  : plnx-install-location is set to ''
09:42:06 INFO  : Successfully done setting XSCT server connection channel  
09:42:07 INFO  : Platform repository initialization has completed.
09:42:08 INFO  : Successfully done setting workspace for the tool. 
09:42:08 INFO  : Successfully done query RDI_DATADIR 
09:44:33 INFO  : Result from executing command 'getProjects': IP_wrapper
09:44:33 INFO  : Result from executing command 'getPlatforms': 
09:44:33 INFO  : Platform 'IP_wrapper' is added to custom repositories.
09:44:40 INFO  : Platform 'IP_wrapper' is added to custom repositories.
09:45:17 INFO  : Result from executing command 'getProjects': IP_wrapper
09:45:17 INFO  : Result from executing command 'getPlatforms': C:\Users\neastbur\cpre488\mps\MP-0\eclipse_workspace\IP_wrapper\export\IP_wrapper\IP_wrapper.xpfm|C:/Users/neastbur/cpre488/mps/MP-0/eclipse_workspace/IP_wrapper/export/IP_wrapper/IP_wrapper.xpfm
09:45:17 INFO  : Checking for BSP changes to sync application flags for project 'IP_Design'...
09:46:21 INFO  : Result from executing command 'getProjects': IP_wrapper
09:46:21 INFO  : Result from executing command 'getPlatforms': 
09:46:21 INFO  : Platform 'IP_wrapper' is added to custom repositories.
09:46:25 INFO  : Platform 'IP_wrapper' is added to custom repositories.
09:52:47 INFO  : Connected to target on host '127.0.0.1' and port '3121'.
09:53:18 INFO  : Connected to target on host '127.0.0.1' and port '3121'.
09:54:23 INFO  : Connected to target on host '127.0.0.1' and port '3121'.
09:54:23 INFO  : 'targets -set -filter {jtag_cable_name =~ "Digilent Zed 210248A49A6F" && level==0 && jtag_device_ctx=="jsn-Zed-210248A49A6F-23727093-0"}' command is executed.
09:54:26 INFO  : FPGA configured successfully with bitstream "C:/Users/neastbur/cpre488/mps/MP-0/eclipse_workspace/IP_Design/_ide/bitstream/IP_wrapper.bit"
09:56:42 INFO  : Connected to target on host '127.0.0.1' and port '3121'.
09:56:43 INFO  : Jtag cable 'Digilent Zed 210248A49A6F' is selected.
09:56:43 INFO  : 'jtag frequency' command is executed.
09:56:43 INFO  : Context for 'APU' is selected.
09:56:43 INFO  : System reset is completed.
09:56:46 INFO  : 'after 3000' command is executed.
09:56:46 INFO  : 'targets -set -filter {jtag_cable_name =~ "Digilent Zed 210248A49A6F" && level==0 && jtag_device_ctx=="jsn-Zed-210248A49A6F-23727093-0"}' command is executed.
09:56:48 INFO  : FPGA configured successfully with bitstream "C:/Users/neastbur/cpre488/mps/MP-0/eclipse_workspace/IP_Design/_ide/bitstream/IP_wrapper.bit"
09:56:48 INFO  : Context for 'APU' is selected.
09:56:48 INFO  : Hardware design and registers information is loaded from 'C:/Users/neastbur/cpre488/mps/MP-0/eclipse_workspace/IP_wrapper/export/IP_wrapper/hw/IP_wrapper.xsa'.
09:56:48 INFO  : 'configparams force-mem-access 1' command is executed.
09:56:48 INFO  : Context for 'APU' is selected.
09:56:48 INFO  : Sourcing of 'C:/Users/neastbur/cpre488/mps/MP-0/eclipse_workspace/IP_Design/_ide/psinit/ps7_init.tcl' is done.
09:56:48 INFO  : 'ps7_init' command is executed.
09:56:48 INFO  : 'ps7_post_config' command is executed.
09:56:48 INFO  : 'configparams force-mem-access 0' command is executed.
09:56:48 INFO  : ----------------XSDB Script----------------
connect -url tcp:127.0.0.1:3121
targets -set -nocase -filter {name =~"APU*"}
rst -system
after 3000
targets -set -filter {jtag_cable_name =~ "Digilent Zed 210248A49A6F" && level==0 && jtag_device_ctx=="jsn-Zed-210248A49A6F-23727093-0"}
fpga -file C:/Users/neastbur/cpre488/mps/MP-0/eclipse_workspace/IP_Design/_ide/bitstream/IP_wrapper.bit
targets -set -nocase -filter {name =~"APU*"}
loadhw -hw C:/Users/neastbur/cpre488/mps/MP-0/eclipse_workspace/IP_wrapper/export/IP_wrapper/hw/IP_wrapper.xsa -mem-ranges [list {0x40000000 0xbfffffff}] -regs
configparams force-mem-access 1
targets -set -nocase -filter {name =~"APU*"}
source C:/Users/neastbur/cpre488/mps/MP-0/eclipse_workspace/IP_Design/_ide/psinit/ps7_init.tcl
ps7_init
ps7_post_config
configparams force-mem-access 0
----------------End of Script----------------

09:56:48 INFO  : Launch script is exported to file 'C:\Users\neastbur\cpre488\mps\MP-0\eclipse_workspace\.sdk\launch_scripts\single_application_debug\systemdebugger_ip_design_system_standalone.tcl'
09:58:04 INFO  : Connected to target on host '127.0.0.1' and port '3121'.
09:58:04 INFO  : 'targets -set -filter {jtag_cable_name =~ "Digilent Zed 210248A49A6F" && level==0 && jtag_device_ctx=="jsn-Zed-210248A49A6F-23727093-0"}' command is executed.
09:58:06 INFO  : FPGA configured successfully with bitstream "C:/Users/neastbur/cpre488/mps/MP-0/eclipse_workspace/IP_Design/_ide/bitstream/IP_wrapper.bit"
09:58:12 INFO  : Disconnected from the channel tcfchan#2.
09:58:13 INFO  : Connected to target on host '127.0.0.1' and port '3121'.
09:58:13 INFO  : Jtag cable 'Digilent Zed 210248A49A6F' is selected.
09:58:13 INFO  : 'jtag frequency' command is executed.
09:58:13 INFO  : Context for 'APU' is selected.
09:58:13 INFO  : System reset is completed.
09:58:16 INFO  : 'after 3000' command is executed.
09:58:16 INFO  : 'targets -set -filter {jtag_cable_name =~ "Digilent Zed 210248A49A6F" && level==0 && jtag_device_ctx=="jsn-Zed-210248A49A6F-23727093-0"}' command is executed.
09:58:18 INFO  : FPGA configured successfully with bitstream "C:/Users/neastbur/cpre488/mps/MP-0/eclipse_workspace/IP_Design/_ide/bitstream/IP_wrapper.bit"
09:58:19 INFO  : Context for 'APU' is selected.
09:58:21 INFO  : Hardware design and registers information is loaded from 'C:/Users/neastbur/cpre488/mps/MP-0/eclipse_workspace/IP_wrapper/export/IP_wrapper/hw/IP_wrapper.xsa'.
09:58:21 INFO  : 'configparams force-mem-access 1' command is executed.
09:58:21 INFO  : Context for 'APU' is selected.
09:58:21 INFO  : Sourcing of 'C:/Users/neastbur/cpre488/mps/MP-0/eclipse_workspace/IP_Design/_ide/psinit/ps7_init.tcl' is done.
09:58:21 INFO  : 'ps7_init' command is executed.
09:58:21 INFO  : 'ps7_post_config' command is executed.
09:58:21 INFO  : 'configparams force-mem-access 0' command is executed.
09:58:21 INFO  : ----------------XSDB Script----------------
connect -url tcp:127.0.0.1:3121
targets -set -nocase -filter {name =~"APU*"}
rst -system
after 3000
targets -set -filter {jtag_cable_name =~ "Digilent Zed 210248A49A6F" && level==0 && jtag_device_ctx=="jsn-Zed-210248A49A6F-23727093-0"}
fpga -file C:/Users/neastbur/cpre488/mps/MP-0/eclipse_workspace/IP_Design/_ide/bitstream/IP_wrapper.bit
targets -set -nocase -filter {name =~"APU*"}
loadhw -hw C:/Users/neastbur/cpre488/mps/MP-0/eclipse_workspace/IP_wrapper/export/IP_wrapper/hw/IP_wrapper.xsa -mem-ranges [list {0x40000000 0xbfffffff}] -regs
configparams force-mem-access 1
targets -set -nocase -filter {name =~"APU*"}
source C:/Users/neastbur/cpre488/mps/MP-0/eclipse_workspace/IP_Design/_ide/psinit/ps7_init.tcl
ps7_init
ps7_post_config
configparams force-mem-access 0
----------------End of Script----------------

09:58:21 INFO  : Launch script is exported to file 'C:\Users\neastbur\cpre488\mps\MP-0\eclipse_workspace\.sdk\launch_scripts\single_application_debug\systemdebugger_ip_design_system_standalone.tcl'
09:58:36 INFO  : Connected to target on host '127.0.0.1' and port '3121'.
09:58:36 INFO  : 'targets -set -filter {jtag_cable_name =~ "Digilent Zed 210248A49A6F" && level==0 && jtag_device_ctx=="jsn-Zed-210248A49A6F-23727093-0"}' command is executed.
09:58:39 INFO  : FPGA configured successfully with bitstream "C:/Users/neastbur/cpre488/mps/MP-0/eclipse_workspace/IP_Design/_ide/bitstream/IP_wrapper.bit"
09:58:43 INFO  : Disconnected from the channel tcfchan#3.
10:00:16 INFO  : Connected to target on host '127.0.0.1' and port '3121'.
10:00:16 INFO  : Jtag cable 'Digilent Zed 210248A49A6F' is selected.
10:00:16 INFO  : 'jtag frequency' command is executed.
10:00:16 INFO  : Context for 'APU' is selected.
10:00:16 INFO  : System reset is completed.
10:00:19 INFO  : 'after 3000' command is executed.
10:00:20 INFO  : 'targets -set -filter {jtag_cable_name =~ "Digilent Zed 210248A49A6F" && level==0 && jtag_device_ctx=="jsn-Zed-210248A49A6F-23727093-0"}' command is executed.
10:00:22 INFO  : FPGA configured successfully with bitstream "C:/Users/neastbur/cpre488/mps/MP-0/eclipse_workspace/IP_Design/_ide/bitstream/IP_wrapper.bit"
10:00:22 INFO  : Context for 'APU' is selected.
10:00:22 INFO  : Hardware design and registers information is loaded from 'C:/Users/neastbur/cpre488/mps/MP-0/eclipse_workspace/IP_wrapper/export/IP_wrapper/hw/IP_wrapper.xsa'.
10:00:22 INFO  : 'configparams force-mem-access 1' command is executed.
10:00:22 INFO  : Context for 'APU' is selected.
10:00:22 INFO  : Sourcing of 'C:/Users/neastbur/cpre488/mps/MP-0/eclipse_workspace/IP_Design/_ide/psinit/ps7_init.tcl' is done.
10:00:22 INFO  : 'ps7_init' command is executed.
10:00:22 INFO  : 'ps7_post_config' command is executed.
10:00:22 INFO  : 'configparams force-mem-access 0' command is executed.
10:00:22 INFO  : ----------------XSDB Script----------------
connect -url tcp:127.0.0.1:3121
targets -set -nocase -filter {name =~"APU*"}
rst -system
after 3000
targets -set -filter {jtag_cable_name =~ "Digilent Zed 210248A49A6F" && level==0 && jtag_device_ctx=="jsn-Zed-210248A49A6F-23727093-0"}
fpga -file C:/Users/neastbur/cpre488/mps/MP-0/eclipse_workspace/IP_Design/_ide/bitstream/IP_wrapper.bit
targets -set -nocase -filter {name =~"APU*"}
loadhw -hw C:/Users/neastbur/cpre488/mps/MP-0/eclipse_workspace/IP_wrapper/export/IP_wrapper/hw/IP_wrapper.xsa -mem-ranges [list {0x40000000 0xbfffffff}] -regs
configparams force-mem-access 1
targets -set -nocase -filter {name =~"APU*"}
source C:/Users/neastbur/cpre488/mps/MP-0/eclipse_workspace/IP_Design/_ide/psinit/ps7_init.tcl
ps7_init
ps7_post_config
configparams force-mem-access 0
----------------End of Script----------------

10:00:22 INFO  : Launch script is exported to file 'C:\Users\neastbur\cpre488\mps\MP-0\eclipse_workspace\.sdk\launch_scripts\single_application_debug\debugger_ip_design-default.tcl'
10:01:10 INFO  : Disconnected from the channel tcfchan#4.
10:02:06 INFO  : Result from executing command 'getProjects': IP_wrapper
10:02:06 INFO  : Result from executing command 'getPlatforms': IP_wrapper|C:/Users/neastbur/cpre488/mps/MP-0/eclipse_workspace/IP_wrapper/export/IP_wrapper/IP_wrapper.xpfm
10:02:06 INFO  : Checking for BSP changes to sync application flags for project 'IP_Design'...
10:02:33 INFO  : Connected to target on host '127.0.0.1' and port '3121'.
10:02:33 INFO  : 'targets -set -filter {jtag_cable_name =~ "Digilent Zed 210248A49A6F" && level==0 && jtag_device_ctx=="jsn-Zed-210248A49A6F-23727093-0"}' command is executed.
10:02:36 INFO  : FPGA configured successfully with bitstream "C:/Users/neastbur/cpre488/mps/MP-0/eclipse_workspace/IP_Design/_ide/bitstream/IP_wrapper.bit"
10:02:49 INFO  : Connected to target on host '127.0.0.1' and port '3121'.
10:02:49 INFO  : Jtag cable 'Digilent Zed 210248A49A6F' is selected.
10:02:49 INFO  : 'jtag frequency' command is executed.
10:02:49 INFO  : Context for 'APU' is selected.
10:02:50 INFO  : System reset is completed.
10:02:53 INFO  : 'after 3000' command is executed.
10:02:53 INFO  : 'targets -set -filter {jtag_cable_name =~ "Digilent Zed 210248A49A6F" && level==0 && jtag_device_ctx=="jsn-Zed-210248A49A6F-23727093-0"}' command is executed.
10:02:55 INFO  : FPGA configured successfully with bitstream "C:/Users/neastbur/cpre488/mps/MP-0/eclipse_workspace/IP_Design/_ide/bitstream/IP_wrapper.bit"
10:02:55 INFO  : Context for 'APU' is selected.
10:02:55 INFO  : Hardware design and registers information is loaded from 'C:/Users/neastbur/cpre488/mps/MP-0/eclipse_workspace/IP_wrapper/export/IP_wrapper/hw/IP_wrapper.xsa'.
10:02:55 INFO  : 'configparams force-mem-access 1' command is executed.
10:02:55 INFO  : Context for 'APU' is selected.
10:02:55 INFO  : Sourcing of 'C:/Users/neastbur/cpre488/mps/MP-0/eclipse_workspace/IP_Design/_ide/psinit/ps7_init.tcl' is done.
10:02:55 INFO  : 'ps7_init' command is executed.
10:02:55 INFO  : 'ps7_post_config' command is executed.
10:02:55 INFO  : Context for processor 'ps7_cortexa9_0' is selected.
10:02:55 INFO  : The application 'C:/Users/neastbur/cpre488/mps/MP-0/eclipse_workspace/IP_Design/Debug/IP_Design.elf' is downloaded to processor 'ps7_cortexa9_0'.
10:02:55 INFO  : 'configparams force-mem-access 0' command is executed.
10:02:55 INFO  : ----------------XSDB Script----------------
connect -url tcp:127.0.0.1:3121
targets -set -nocase -filter {name =~"APU*"}
rst -system
after 3000
targets -set -filter {jtag_cable_name =~ "Digilent Zed 210248A49A6F" && level==0 && jtag_device_ctx=="jsn-Zed-210248A49A6F-23727093-0"}
fpga -file C:/Users/neastbur/cpre488/mps/MP-0/eclipse_workspace/IP_Design/_ide/bitstream/IP_wrapper.bit
targets -set -nocase -filter {name =~"APU*"}
loadhw -hw C:/Users/neastbur/cpre488/mps/MP-0/eclipse_workspace/IP_wrapper/export/IP_wrapper/hw/IP_wrapper.xsa -mem-ranges [list {0x40000000 0xbfffffff}] -regs
configparams force-mem-access 1
targets -set -nocase -filter {name =~"APU*"}
source C:/Users/neastbur/cpre488/mps/MP-0/eclipse_workspace/IP_Design/_ide/psinit/ps7_init.tcl
ps7_init
ps7_post_config
targets -set -nocase -filter {name =~ "*A9*#0"}
dow C:/Users/neastbur/cpre488/mps/MP-0/eclipse_workspace/IP_Design/Debug/IP_Design.elf
configparams force-mem-access 0
----------------End of Script----------------

10:02:56 INFO  : Context for processor 'ps7_cortexa9_0' is selected.
10:02:56 INFO  : 'con' command is executed.
10:02:56 INFO  : ----------------XSDB Script (After Launch)----------------
targets -set -nocase -filter {name =~ "*A9*#0"}
con
----------------End of Script----------------

10:02:56 INFO  : Launch script is exported to file 'C:\Users\neastbur\cpre488\mps\MP-0\eclipse_workspace\.sdk\launch_scripts\single_application_debug\debugger_ip_design-default.tcl'
10:03:25 INFO  : Disconnected from the channel tcfchan#6.
10:03:26 INFO  : Connected to target on host '127.0.0.1' and port '3121'.
10:03:26 INFO  : Jtag cable 'Digilent Zed 210248A49A6F' is selected.
10:03:26 INFO  : 'jtag frequency' command is executed.
10:03:26 INFO  : Context for 'APU' is selected.
10:03:26 INFO  : System reset is completed.
10:03:29 INFO  : 'after 3000' command is executed.
10:03:29 INFO  : 'targets -set -filter {jtag_cable_name =~ "Digilent Zed 210248A49A6F" && level==0 && jtag_device_ctx=="jsn-Zed-210248A49A6F-23727093-0"}' command is executed.
10:03:32 INFO  : FPGA configured successfully with bitstream "C:/Users/neastbur/cpre488/mps/MP-0/eclipse_workspace/IP_Design/_ide/bitstream/IP_wrapper.bit"
10:03:32 INFO  : Context for 'APU' is selected.
10:03:32 INFO  : Hardware design and registers information is loaded from 'C:/Users/neastbur/cpre488/mps/MP-0/eclipse_workspace/IP_wrapper/export/IP_wrapper/hw/IP_wrapper.xsa'.
10:03:32 INFO  : 'configparams force-mem-access 1' command is executed.
10:03:32 INFO  : Context for 'APU' is selected.
10:03:32 INFO  : Sourcing of 'C:/Users/neastbur/cpre488/mps/MP-0/eclipse_workspace/IP_Design/_ide/psinit/ps7_init.tcl' is done.
10:03:32 INFO  : 'ps7_init' command is executed.
10:03:32 INFO  : 'ps7_post_config' command is executed.
10:03:32 INFO  : Context for processor 'ps7_cortexa9_0' is selected.
10:03:32 INFO  : The application 'C:/Users/neastbur/cpre488/mps/MP-0/eclipse_workspace/IP_Design/Debug/IP_Design.elf' is downloaded to processor 'ps7_cortexa9_0'.
10:03:32 INFO  : 'configparams force-mem-access 0' command is executed.
10:03:32 INFO  : ----------------XSDB Script----------------
connect -url tcp:127.0.0.1:3121
targets -set -nocase -filter {name =~"APU*"}
rst -system
after 3000
targets -set -filter {jtag_cable_name =~ "Digilent Zed 210248A49A6F" && level==0 && jtag_device_ctx=="jsn-Zed-210248A49A6F-23727093-0"}
fpga -file C:/Users/neastbur/cpre488/mps/MP-0/eclipse_workspace/IP_Design/_ide/bitstream/IP_wrapper.bit
targets -set -nocase -filter {name =~"APU*"}
loadhw -hw C:/Users/neastbur/cpre488/mps/MP-0/eclipse_workspace/IP_wrapper/export/IP_wrapper/hw/IP_wrapper.xsa -mem-ranges [list {0x40000000 0xbfffffff}] -regs
configparams force-mem-access 1
targets -set -nocase -filter {name =~"APU*"}
source C:/Users/neastbur/cpre488/mps/MP-0/eclipse_workspace/IP_Design/_ide/psinit/ps7_init.tcl
ps7_init
ps7_post_config
targets -set -nocase -filter {name =~ "*A9*#0"}
dow C:/Users/neastbur/cpre488/mps/MP-0/eclipse_workspace/IP_Design/Debug/IP_Design.elf
configparams force-mem-access 0
----------------End of Script----------------

10:03:32 INFO  : Context for processor 'ps7_cortexa9_0' is selected.
10:03:32 INFO  : 'con' command is executed.
10:03:32 INFO  : ----------------XSDB Script (After Launch)----------------
targets -set -nocase -filter {name =~ "*A9*#0"}
con
----------------End of Script----------------

10:03:32 INFO  : Launch script is exported to file 'C:\Users\neastbur\cpre488\mps\MP-0\eclipse_workspace\.sdk\launch_scripts\single_application_debug\debugger_ip_design-default.tcl'
10:04:05 INFO  : Disconnected from the channel tcfchan#7.
10:04:06 INFO  : Connected to target on host '127.0.0.1' and port '3121'.
10:04:06 INFO  : Jtag cable 'Digilent Zed 210248A49A6F' is selected.
10:04:06 INFO  : 'jtag frequency' command is executed.
10:04:06 INFO  : Context for 'APU' is selected.
10:04:06 INFO  : System reset is completed.
10:04:09 INFO  : 'after 3000' command is executed.
10:04:09 INFO  : 'targets -set -filter {jtag_cable_name =~ "Digilent Zed 210248A49A6F" && level==0 && jtag_device_ctx=="jsn-Zed-210248A49A6F-23727093-0"}' command is executed.
10:04:11 INFO  : FPGA configured successfully with bitstream "C:/Users/neastbur/cpre488/mps/MP-0/eclipse_workspace/IP_Design/_ide/bitstream/IP_wrapper.bit"
10:04:11 INFO  : Context for 'APU' is selected.
10:04:11 INFO  : Hardware design and registers information is loaded from 'C:/Users/neastbur/cpre488/mps/MP-0/eclipse_workspace/IP_wrapper/export/IP_wrapper/hw/IP_wrapper.xsa'.
10:04:11 INFO  : 'configparams force-mem-access 1' command is executed.
10:04:11 INFO  : Context for 'APU' is selected.
10:04:11 INFO  : Sourcing of 'C:/Users/neastbur/cpre488/mps/MP-0/eclipse_workspace/IP_Design/_ide/psinit/ps7_init.tcl' is done.
10:04:12 INFO  : 'ps7_init' command is executed.
10:04:12 INFO  : 'ps7_post_config' command is executed.
10:04:12 INFO  : Context for processor 'ps7_cortexa9_0' is selected.
10:04:12 INFO  : The application 'C:/Users/neastbur/cpre488/mps/MP-0/eclipse_workspace/IP_Design/Debug/IP_Design.elf' is downloaded to processor 'ps7_cortexa9_0'.
10:04:12 INFO  : 'configparams force-mem-access 0' command is executed.
10:04:12 INFO  : ----------------XSDB Script----------------
connect -url tcp:127.0.0.1:3121
targets -set -nocase -filter {name =~"APU*"}
rst -system
after 3000
targets -set -filter {jtag_cable_name =~ "Digilent Zed 210248A49A6F" && level==0 && jtag_device_ctx=="jsn-Zed-210248A49A6F-23727093-0"}
fpga -file C:/Users/neastbur/cpre488/mps/MP-0/eclipse_workspace/IP_Design/_ide/bitstream/IP_wrapper.bit
targets -set -nocase -filter {name =~"APU*"}
loadhw -hw C:/Users/neastbur/cpre488/mps/MP-0/eclipse_workspace/IP_wrapper/export/IP_wrapper/hw/IP_wrapper.xsa -mem-ranges [list {0x40000000 0xbfffffff}] -regs
configparams force-mem-access 1
targets -set -nocase -filter {name =~"APU*"}
source C:/Users/neastbur/cpre488/mps/MP-0/eclipse_workspace/IP_Design/_ide/psinit/ps7_init.tcl
ps7_init
ps7_post_config
targets -set -nocase -filter {name =~ "*A9*#0"}
dow C:/Users/neastbur/cpre488/mps/MP-0/eclipse_workspace/IP_Design/Debug/IP_Design.elf
configparams force-mem-access 0
----------------End of Script----------------

10:04:12 INFO  : Context for processor 'ps7_cortexa9_0' is selected.
10:04:12 INFO  : 'con' command is executed.
10:04:12 INFO  : ----------------XSDB Script (After Launch)----------------
targets -set -nocase -filter {name =~ "*A9*#0"}
con
----------------End of Script----------------

10:04:12 INFO  : Launch script is exported to file 'C:\Users\neastbur\cpre488\mps\MP-0\eclipse_workspace\.sdk\launch_scripts\single_application_debug\debugger_ip_design-default.tcl'
10:04:57 INFO  : Disconnected from the channel tcfchan#8.
10:04:58 INFO  : Connected to target on host '127.0.0.1' and port '3121'.
10:04:58 INFO  : Jtag cable 'Digilent Zed 210248A49A6F' is selected.
10:04:58 INFO  : 'jtag frequency' command is executed.
10:04:58 INFO  : Context for 'APU' is selected.
10:04:58 INFO  : System reset is completed.
10:05:01 INFO  : 'after 3000' command is executed.
10:05:01 INFO  : 'targets -set -filter {jtag_cable_name =~ "Digilent Zed 210248A49A6F" && level==0 && jtag_device_ctx=="jsn-Zed-210248A49A6F-23727093-0"}' command is executed.
10:05:04 INFO  : FPGA configured successfully with bitstream "C:/Users/neastbur/cpre488/mps/MP-0/eclipse_workspace/IP_Design/_ide/bitstream/IP_wrapper.bit"
10:05:04 INFO  : Context for 'APU' is selected.
10:05:04 INFO  : Hardware design and registers information is loaded from 'C:/Users/neastbur/cpre488/mps/MP-0/eclipse_workspace/IP_wrapper/export/IP_wrapper/hw/IP_wrapper.xsa'.
10:05:04 INFO  : 'configparams force-mem-access 1' command is executed.
10:05:04 INFO  : Context for 'APU' is selected.
10:05:04 INFO  : Sourcing of 'C:/Users/neastbur/cpre488/mps/MP-0/eclipse_workspace/IP_Design/_ide/psinit/ps7_init.tcl' is done.
10:05:04 INFO  : 'ps7_init' command is executed.
10:05:04 INFO  : 'ps7_post_config' command is executed.
10:05:04 INFO  : Context for processor 'ps7_cortexa9_0' is selected.
10:05:04 INFO  : The application 'C:/Users/neastbur/cpre488/mps/MP-0/eclipse_workspace/IP_Design/Debug/IP_Design.elf' is downloaded to processor 'ps7_cortexa9_0'.
10:05:04 INFO  : 'configparams force-mem-access 0' command is executed.
10:05:04 INFO  : ----------------XSDB Script----------------
connect -url tcp:127.0.0.1:3121
targets -set -nocase -filter {name =~"APU*"}
rst -system
after 3000
targets -set -filter {jtag_cable_name =~ "Digilent Zed 210248A49A6F" && level==0 && jtag_device_ctx=="jsn-Zed-210248A49A6F-23727093-0"}
fpga -file C:/Users/neastbur/cpre488/mps/MP-0/eclipse_workspace/IP_Design/_ide/bitstream/IP_wrapper.bit
targets -set -nocase -filter {name =~"APU*"}
loadhw -hw C:/Users/neastbur/cpre488/mps/MP-0/eclipse_workspace/IP_wrapper/export/IP_wrapper/hw/IP_wrapper.xsa -mem-ranges [list {0x40000000 0xbfffffff}] -regs
configparams force-mem-access 1
targets -set -nocase -filter {name =~"APU*"}
source C:/Users/neastbur/cpre488/mps/MP-0/eclipse_workspace/IP_Design/_ide/psinit/ps7_init.tcl
ps7_init
ps7_post_config
targets -set -nocase -filter {name =~ "*A9*#0"}
dow C:/Users/neastbur/cpre488/mps/MP-0/eclipse_workspace/IP_Design/Debug/IP_Design.elf
configparams force-mem-access 0
----------------End of Script----------------

10:05:04 INFO  : Context for processor 'ps7_cortexa9_0' is selected.
10:05:04 INFO  : 'con' command is executed.
10:05:04 INFO  : ----------------XSDB Script (After Launch)----------------
targets -set -nocase -filter {name =~ "*A9*#0"}
con
----------------End of Script----------------

10:05:04 INFO  : Launch script is exported to file 'C:\Users\neastbur\cpre488\mps\MP-0\eclipse_workspace\.sdk\launch_scripts\single_application_debug\debugger_ip_design-default.tcl'
10:05:21 INFO  : Disconnected from the channel tcfchan#9.
10:05:22 INFO  : Connected to target on host '127.0.0.1' and port '3121'.
10:05:22 INFO  : Jtag cable 'Digilent Zed 210248A49A6F' is selected.
10:05:22 INFO  : 'jtag frequency' command is executed.
10:05:22 INFO  : Context for 'APU' is selected.
10:05:22 INFO  : System reset is completed.
10:05:25 INFO  : 'after 3000' command is executed.
10:05:25 INFO  : 'targets -set -filter {jtag_cable_name =~ "Digilent Zed 210248A49A6F" && level==0 && jtag_device_ctx=="jsn-Zed-210248A49A6F-23727093-0"}' command is executed.
10:05:28 INFO  : FPGA configured successfully with bitstream "C:/Users/neastbur/cpre488/mps/MP-0/eclipse_workspace/IP_Design/_ide/bitstream/IP_wrapper.bit"
10:05:28 INFO  : Context for 'APU' is selected.
10:05:28 INFO  : Hardware design and registers information is loaded from 'C:/Users/neastbur/cpre488/mps/MP-0/eclipse_workspace/IP_wrapper/export/IP_wrapper/hw/IP_wrapper.xsa'.
10:05:28 INFO  : 'configparams force-mem-access 1' command is executed.
10:05:28 INFO  : Context for 'APU' is selected.
10:05:28 INFO  : Sourcing of 'C:/Users/neastbur/cpre488/mps/MP-0/eclipse_workspace/IP_Design/_ide/psinit/ps7_init.tcl' is done.
10:05:28 INFO  : 'ps7_init' command is executed.
10:05:28 INFO  : 'ps7_post_config' command is executed.
10:05:28 INFO  : Context for processor 'ps7_cortexa9_0' is selected.
10:05:28 INFO  : The application 'C:/Users/neastbur/cpre488/mps/MP-0/eclipse_workspace/IP_Design/Debug/IP_Design.elf' is downloaded to processor 'ps7_cortexa9_0'.
10:05:28 INFO  : 'configparams force-mem-access 0' command is executed.
10:05:28 INFO  : ----------------XSDB Script----------------
connect -url tcp:127.0.0.1:3121
targets -set -nocase -filter {name =~"APU*"}
rst -system
after 3000
targets -set -filter {jtag_cable_name =~ "Digilent Zed 210248A49A6F" && level==0 && jtag_device_ctx=="jsn-Zed-210248A49A6F-23727093-0"}
fpga -file C:/Users/neastbur/cpre488/mps/MP-0/eclipse_workspace/IP_Design/_ide/bitstream/IP_wrapper.bit
targets -set -nocase -filter {name =~"APU*"}
loadhw -hw C:/Users/neastbur/cpre488/mps/MP-0/eclipse_workspace/IP_wrapper/export/IP_wrapper/hw/IP_wrapper.xsa -mem-ranges [list {0x40000000 0xbfffffff}] -regs
configparams force-mem-access 1
targets -set -nocase -filter {name =~"APU*"}
source C:/Users/neastbur/cpre488/mps/MP-0/eclipse_workspace/IP_Design/_ide/psinit/ps7_init.tcl
ps7_init
ps7_post_config
targets -set -nocase -filter {name =~ "*A9*#0"}
dow C:/Users/neastbur/cpre488/mps/MP-0/eclipse_workspace/IP_Design/Debug/IP_Design.elf
configparams force-mem-access 0
----------------End of Script----------------

10:05:28 INFO  : Context for processor 'ps7_cortexa9_0' is selected.
10:05:28 INFO  : 'con' command is executed.
10:05:28 INFO  : ----------------XSDB Script (After Launch)----------------
targets -set -nocase -filter {name =~ "*A9*#0"}
con
----------------End of Script----------------

10:05:28 INFO  : Launch script is exported to file 'C:\Users\neastbur\cpre488\mps\MP-0\eclipse_workspace\.sdk\launch_scripts\single_application_debug\debugger_ip_design-default.tcl'
10:06:51 INFO  : Disconnected from the channel tcfchan#10.
10:06:52 INFO  : Connected to target on host '127.0.0.1' and port '3121'.
10:06:52 INFO  : Jtag cable 'Digilent Zed 210248A49A6F' is selected.
10:06:52 INFO  : 'jtag frequency' command is executed.
10:06:52 INFO  : Context for 'APU' is selected.
10:06:52 INFO  : System reset is completed.
10:06:55 INFO  : 'after 3000' command is executed.
10:06:55 INFO  : 'targets -set -filter {jtag_cable_name =~ "Digilent Zed 210248A49A6F" && level==0 && jtag_device_ctx=="jsn-Zed-210248A49A6F-23727093-0"}' command is executed.
10:06:57 INFO  : FPGA configured successfully with bitstream "C:/Users/neastbur/cpre488/mps/MP-0/eclipse_workspace/IP_Design/_ide/bitstream/IP_wrapper.bit"
10:06:57 INFO  : Context for 'APU' is selected.
10:06:57 INFO  : Hardware design and registers information is loaded from 'C:/Users/neastbur/cpre488/mps/MP-0/eclipse_workspace/IP_wrapper/export/IP_wrapper/hw/IP_wrapper.xsa'.
10:06:57 INFO  : 'configparams force-mem-access 1' command is executed.
10:06:57 INFO  : Context for 'APU' is selected.
10:06:57 INFO  : Sourcing of 'C:/Users/neastbur/cpre488/mps/MP-0/eclipse_workspace/IP_Design/_ide/psinit/ps7_init.tcl' is done.
10:06:58 INFO  : 'ps7_init' command is executed.
10:06:58 INFO  : 'ps7_post_config' command is executed.
10:06:58 INFO  : Context for processor 'ps7_cortexa9_0' is selected.
10:06:58 INFO  : The application 'C:/Users/neastbur/cpre488/mps/MP-0/eclipse_workspace/IP_Design/Debug/IP_Design.elf' is downloaded to processor 'ps7_cortexa9_0'.
10:06:58 INFO  : 'configparams force-mem-access 0' command is executed.
10:06:58 INFO  : ----------------XSDB Script----------------
connect -url tcp:127.0.0.1:3121
targets -set -nocase -filter {name =~"APU*"}
rst -system
after 3000
targets -set -filter {jtag_cable_name =~ "Digilent Zed 210248A49A6F" && level==0 && jtag_device_ctx=="jsn-Zed-210248A49A6F-23727093-0"}
fpga -file C:/Users/neastbur/cpre488/mps/MP-0/eclipse_workspace/IP_Design/_ide/bitstream/IP_wrapper.bit
targets -set -nocase -filter {name =~"APU*"}
loadhw -hw C:/Users/neastbur/cpre488/mps/MP-0/eclipse_workspace/IP_wrapper/export/IP_wrapper/hw/IP_wrapper.xsa -mem-ranges [list {0x40000000 0xbfffffff}] -regs
configparams force-mem-access 1
targets -set -nocase -filter {name =~"APU*"}
source C:/Users/neastbur/cpre488/mps/MP-0/eclipse_workspace/IP_Design/_ide/psinit/ps7_init.tcl
ps7_init
ps7_post_config
targets -set -nocase -filter {name =~ "*A9*#0"}
dow C:/Users/neastbur/cpre488/mps/MP-0/eclipse_workspace/IP_Design/Debug/IP_Design.elf
configparams force-mem-access 0
----------------End of Script----------------

10:06:58 INFO  : Context for processor 'ps7_cortexa9_0' is selected.
10:06:58 INFO  : 'con' command is executed.
10:06:58 INFO  : ----------------XSDB Script (After Launch)----------------
targets -set -nocase -filter {name =~ "*A9*#0"}
con
----------------End of Script----------------

10:06:58 INFO  : Launch script is exported to file 'C:\Users\neastbur\cpre488\mps\MP-0\eclipse_workspace\.sdk\launch_scripts\single_application_debug\debugger_ip_design-default.tcl'
10:19:05 INFO  : Disconnected from the channel tcfchan#11.
10:19:06 INFO  : Connected to target on host '127.0.0.1' and port '3121'.
10:19:06 INFO  : Jtag cable 'Digilent Zed 210248A49A6F' is selected.
10:19:06 INFO  : 'jtag frequency' command is executed.
10:19:06 INFO  : Context for 'APU' is selected.
10:19:06 INFO  : System reset is completed.
10:19:09 INFO  : 'after 3000' command is executed.
10:19:09 INFO  : 'targets -set -filter {jtag_cable_name =~ "Digilent Zed 210248A49A6F" && level==0 && jtag_device_ctx=="jsn-Zed-210248A49A6F-23727093-0"}' command is executed.
10:19:12 INFO  : FPGA configured successfully with bitstream "C:/Users/neastbur/cpre488/mps/MP-0/eclipse_workspace/IP_Design/_ide/bitstream/IP_wrapper.bit"
10:19:12 INFO  : Context for 'APU' is selected.
10:19:12 INFO  : Hardware design and registers information is loaded from 'C:/Users/neastbur/cpre488/mps/MP-0/eclipse_workspace/IP_wrapper/export/IP_wrapper/hw/IP_wrapper.xsa'.
10:19:12 INFO  : 'configparams force-mem-access 1' command is executed.
10:19:12 INFO  : Context for 'APU' is selected.
10:19:12 INFO  : Sourcing of 'C:/Users/neastbur/cpre488/mps/MP-0/eclipse_workspace/IP_Design/_ide/psinit/ps7_init.tcl' is done.
10:19:12 INFO  : 'ps7_init' command is executed.
10:19:12 INFO  : 'ps7_post_config' command is executed.
10:19:12 INFO  : Context for processor 'ps7_cortexa9_0' is selected.
10:19:12 INFO  : The application 'C:/Users/neastbur/cpre488/mps/MP-0/eclipse_workspace/IP_Design/Debug/IP_Design.elf' is downloaded to processor 'ps7_cortexa9_0'.
10:19:12 INFO  : 'configparams force-mem-access 0' command is executed.
10:19:12 INFO  : ----------------XSDB Script----------------
connect -url tcp:127.0.0.1:3121
targets -set -nocase -filter {name =~"APU*"}
rst -system
after 3000
targets -set -filter {jtag_cable_name =~ "Digilent Zed 210248A49A6F" && level==0 && jtag_device_ctx=="jsn-Zed-210248A49A6F-23727093-0"}
fpga -file C:/Users/neastbur/cpre488/mps/MP-0/eclipse_workspace/IP_Design/_ide/bitstream/IP_wrapper.bit
targets -set -nocase -filter {name =~"APU*"}
loadhw -hw C:/Users/neastbur/cpre488/mps/MP-0/eclipse_workspace/IP_wrapper/export/IP_wrapper/hw/IP_wrapper.xsa -mem-ranges [list {0x40000000 0xbfffffff}] -regs
configparams force-mem-access 1
targets -set -nocase -filter {name =~"APU*"}
source C:/Users/neastbur/cpre488/mps/MP-0/eclipse_workspace/IP_Design/_ide/psinit/ps7_init.tcl
ps7_init
ps7_post_config
targets -set -nocase -filter {name =~ "*A9*#0"}
dow C:/Users/neastbur/cpre488/mps/MP-0/eclipse_workspace/IP_Design/Debug/IP_Design.elf
configparams force-mem-access 0
----------------End of Script----------------

10:19:12 INFO  : Context for processor 'ps7_cortexa9_0' is selected.
10:19:12 INFO  : 'con' command is executed.
10:19:12 INFO  : ----------------XSDB Script (After Launch)----------------
targets -set -nocase -filter {name =~ "*A9*#0"}
con
----------------End of Script----------------

10:19:12 INFO  : Launch script is exported to file 'C:\Users\neastbur\cpre488\mps\MP-0\eclipse_workspace\.sdk\launch_scripts\single_application_debug\debugger_ip_design-default.tcl'
10:37:03 INFO  : Disconnected from the channel tcfchan#12.
10:37:04 INFO  : Connected to target on host '127.0.0.1' and port '3121'.
10:37:04 INFO  : Jtag cable 'Digilent Zed 210248A49A6F' is selected.
10:37:04 INFO  : 'jtag frequency' command is executed.
10:37:05 INFO  : Context for 'APU' is selected.
10:37:05 INFO  : System reset is completed.
10:37:08 INFO  : 'after 3000' command is executed.
10:37:08 INFO  : 'targets -set -filter {jtag_cable_name =~ "Digilent Zed 210248A49A6F" && level==0 && jtag_device_ctx=="jsn-Zed-210248A49A6F-23727093-0"}' command is executed.
10:37:10 INFO  : FPGA configured successfully with bitstream "C:/Users/neastbur/cpre488/mps/MP-0/eclipse_workspace/IP_Design/_ide/bitstream/IP_wrapper.bit"
10:37:10 INFO  : Context for 'APU' is selected.
10:37:10 INFO  : Hardware design and registers information is loaded from 'C:/Users/neastbur/cpre488/mps/MP-0/eclipse_workspace/IP_wrapper/export/IP_wrapper/hw/IP_wrapper.xsa'.
10:37:10 INFO  : 'configparams force-mem-access 1' command is executed.
10:37:10 INFO  : Context for 'APU' is selected.
10:37:10 INFO  : Sourcing of 'C:/Users/neastbur/cpre488/mps/MP-0/eclipse_workspace/IP_Design/_ide/psinit/ps7_init.tcl' is done.
10:37:10 INFO  : 'ps7_init' command is executed.
10:37:10 INFO  : 'ps7_post_config' command is executed.
10:37:10 INFO  : Context for processor 'ps7_cortexa9_0' is selected.
10:37:10 INFO  : The application 'C:/Users/neastbur/cpre488/mps/MP-0/eclipse_workspace/IP_Design/Debug/IP_Design.elf' is downloaded to processor 'ps7_cortexa9_0'.
10:37:10 INFO  : 'configparams force-mem-access 0' command is executed.
10:37:10 INFO  : ----------------XSDB Script----------------
connect -url tcp:127.0.0.1:3121
targets -set -nocase -filter {name =~"APU*"}
rst -system
after 3000
targets -set -filter {jtag_cable_name =~ "Digilent Zed 210248A49A6F" && level==0 && jtag_device_ctx=="jsn-Zed-210248A49A6F-23727093-0"}
fpga -file C:/Users/neastbur/cpre488/mps/MP-0/eclipse_workspace/IP_Design/_ide/bitstream/IP_wrapper.bit
targets -set -nocase -filter {name =~"APU*"}
loadhw -hw C:/Users/neastbur/cpre488/mps/MP-0/eclipse_workspace/IP_wrapper/export/IP_wrapper/hw/IP_wrapper.xsa -mem-ranges [list {0x40000000 0xbfffffff}] -regs
configparams force-mem-access 1
targets -set -nocase -filter {name =~"APU*"}
source C:/Users/neastbur/cpre488/mps/MP-0/eclipse_workspace/IP_Design/_ide/psinit/ps7_init.tcl
ps7_init
ps7_post_config
targets -set -nocase -filter {name =~ "*A9*#0"}
dow C:/Users/neastbur/cpre488/mps/MP-0/eclipse_workspace/IP_Design/Debug/IP_Design.elf
configparams force-mem-access 0
----------------End of Script----------------

10:37:10 INFO  : Context for processor 'ps7_cortexa9_0' is selected.
10:37:11 INFO  : 'con' command is executed.
10:37:11 INFO  : ----------------XSDB Script (After Launch)----------------
targets -set -nocase -filter {name =~ "*A9*#0"}
con
----------------End of Script----------------

10:37:11 INFO  : Launch script is exported to file 'C:\Users\neastbur\cpre488\mps\MP-0\eclipse_workspace\.sdk\launch_scripts\single_application_debug\debugger_ip_design-default.tcl'
10:37:45 INFO  : Checking for BSP changes to sync application flags for project 'IP_Design'...
10:38:24 INFO  : Checking for BSP changes to sync application flags for project 'IP_Design'...
10:38:51 INFO  : Disconnected from the channel tcfchan#13.
10:38:52 INFO  : Connected to target on host '127.0.0.1' and port '3121'.
10:38:52 INFO  : Jtag cable 'Digilent Zed 210248A49A6F' is selected.
10:38:52 INFO  : 'jtag frequency' command is executed.
10:38:52 INFO  : Context for 'APU' is selected.
10:38:52 INFO  : System reset is completed.
10:38:55 INFO  : 'after 3000' command is executed.
10:38:55 INFO  : 'targets -set -filter {jtag_cable_name =~ "Digilent Zed 210248A49A6F" && level==0 && jtag_device_ctx=="jsn-Zed-210248A49A6F-23727093-0"}' command is executed.
10:38:58 INFO  : FPGA configured successfully with bitstream "C:/Users/neastbur/cpre488/mps/MP-0/eclipse_workspace/IP_Design/_ide/bitstream/IP_wrapper.bit"
10:38:58 INFO  : Context for 'APU' is selected.
10:38:58 INFO  : Hardware design and registers information is loaded from 'C:/Users/neastbur/cpre488/mps/MP-0/eclipse_workspace/IP_wrapper/export/IP_wrapper/hw/IP_wrapper.xsa'.
10:38:58 INFO  : 'configparams force-mem-access 1' command is executed.
10:38:58 INFO  : Context for 'APU' is selected.
10:38:58 INFO  : Sourcing of 'C:/Users/neastbur/cpre488/mps/MP-0/eclipse_workspace/IP_Design/_ide/psinit/ps7_init.tcl' is done.
10:38:58 INFO  : 'ps7_init' command is executed.
10:38:58 INFO  : 'ps7_post_config' command is executed.
10:38:58 INFO  : Context for processor 'ps7_cortexa9_0' is selected.
10:38:58 INFO  : The application 'C:/Users/neastbur/cpre488/mps/MP-0/eclipse_workspace/IP_Design/Debug/IP_Design.elf' is downloaded to processor 'ps7_cortexa9_0'.
10:38:58 INFO  : 'configparams force-mem-access 0' command is executed.
10:38:58 INFO  : ----------------XSDB Script----------------
connect -url tcp:127.0.0.1:3121
targets -set -nocase -filter {name =~"APU*"}
rst -system
after 3000
targets -set -filter {jtag_cable_name =~ "Digilent Zed 210248A49A6F" && level==0 && jtag_device_ctx=="jsn-Zed-210248A49A6F-23727093-0"}
fpga -file C:/Users/neastbur/cpre488/mps/MP-0/eclipse_workspace/IP_Design/_ide/bitstream/IP_wrapper.bit
targets -set -nocase -filter {name =~"APU*"}
loadhw -hw C:/Users/neastbur/cpre488/mps/MP-0/eclipse_workspace/IP_wrapper/export/IP_wrapper/hw/IP_wrapper.xsa -mem-ranges [list {0x40000000 0xbfffffff}] -regs
configparams force-mem-access 1
targets -set -nocase -filter {name =~"APU*"}
source C:/Users/neastbur/cpre488/mps/MP-0/eclipse_workspace/IP_Design/_ide/psinit/ps7_init.tcl
ps7_init
ps7_post_config
targets -set -nocase -filter {name =~ "*A9*#0"}
dow C:/Users/neastbur/cpre488/mps/MP-0/eclipse_workspace/IP_Design/Debug/IP_Design.elf
configparams force-mem-access 0
----------------End of Script----------------

10:38:58 INFO  : Context for processor 'ps7_cortexa9_0' is selected.
10:38:58 INFO  : 'con' command is executed.
10:38:58 INFO  : ----------------XSDB Script (After Launch)----------------
targets -set -nocase -filter {name =~ "*A9*#0"}
con
----------------End of Script----------------

10:38:58 INFO  : Launch script is exported to file 'C:\Users\neastbur\cpre488\mps\MP-0\eclipse_workspace\.sdk\launch_scripts\single_application_debug\debugger_ip_design-default.tcl'
10:39:18 INFO  : Disconnected from the channel tcfchan#14.
10:39:19 INFO  : Connected to target on host '127.0.0.1' and port '3121'.
10:39:19 INFO  : Jtag cable 'Digilent Zed 210248A49A6F' is selected.
10:39:19 INFO  : 'jtag frequency' command is executed.
10:39:19 INFO  : Context for 'APU' is selected.
10:39:19 INFO  : System reset is completed.
10:39:22 INFO  : 'after 3000' command is executed.
10:39:22 INFO  : 'targets -set -filter {jtag_cable_name =~ "Digilent Zed 210248A49A6F" && level==0 && jtag_device_ctx=="jsn-Zed-210248A49A6F-23727093-0"}' command is executed.
10:39:25 INFO  : FPGA configured successfully with bitstream "C:/Users/neastbur/cpre488/mps/MP-0/eclipse_workspace/IP_Design/_ide/bitstream/IP_wrapper.bit"
10:39:25 INFO  : Context for 'APU' is selected.
10:39:25 INFO  : Hardware design and registers information is loaded from 'C:/Users/neastbur/cpre488/mps/MP-0/eclipse_workspace/IP_wrapper/export/IP_wrapper/hw/IP_wrapper.xsa'.
10:39:25 INFO  : 'configparams force-mem-access 1' command is executed.
10:39:25 INFO  : Context for 'APU' is selected.
10:39:25 INFO  : Sourcing of 'C:/Users/neastbur/cpre488/mps/MP-0/eclipse_workspace/IP_Design/_ide/psinit/ps7_init.tcl' is done.
10:39:25 INFO  : 'ps7_init' command is executed.
10:39:25 INFO  : 'ps7_post_config' command is executed.
10:39:25 INFO  : Context for processor 'ps7_cortexa9_0' is selected.
10:39:25 INFO  : The application 'C:/Users/neastbur/cpre488/mps/MP-0/eclipse_workspace/IP_Design/Debug/IP_Design.elf' is downloaded to processor 'ps7_cortexa9_0'.
10:39:25 INFO  : 'configparams force-mem-access 0' command is executed.
10:39:25 INFO  : ----------------XSDB Script----------------
connect -url tcp:127.0.0.1:3121
targets -set -nocase -filter {name =~"APU*"}
rst -system
after 3000
targets -set -filter {jtag_cable_name =~ "Digilent Zed 210248A49A6F" && level==0 && jtag_device_ctx=="jsn-Zed-210248A49A6F-23727093-0"}
fpga -file C:/Users/neastbur/cpre488/mps/MP-0/eclipse_workspace/IP_Design/_ide/bitstream/IP_wrapper.bit
targets -set -nocase -filter {name =~"APU*"}
loadhw -hw C:/Users/neastbur/cpre488/mps/MP-0/eclipse_workspace/IP_wrapper/export/IP_wrapper/hw/IP_wrapper.xsa -mem-ranges [list {0x40000000 0xbfffffff}] -regs
configparams force-mem-access 1
targets -set -nocase -filter {name =~"APU*"}
source C:/Users/neastbur/cpre488/mps/MP-0/eclipse_workspace/IP_Design/_ide/psinit/ps7_init.tcl
ps7_init
ps7_post_config
targets -set -nocase -filter {name =~ "*A9*#0"}
dow C:/Users/neastbur/cpre488/mps/MP-0/eclipse_workspace/IP_Design/Debug/IP_Design.elf
configparams force-mem-access 0
----------------End of Script----------------

10:39:25 INFO  : Context for processor 'ps7_cortexa9_0' is selected.
10:39:25 INFO  : 'con' command is executed.
10:39:25 INFO  : ----------------XSDB Script (After Launch)----------------
targets -set -nocase -filter {name =~ "*A9*#0"}
con
----------------End of Script----------------

10:39:25 INFO  : Launch script is exported to file 'C:\Users\neastbur\cpre488\mps\MP-0\eclipse_workspace\.sdk\launch_scripts\single_application_debug\debugger_ip_design-default.tcl'
10:39:34 INFO  : Disconnected from the channel tcfchan#15.
10:39:35 INFO  : Connected to target on host '127.0.0.1' and port '3121'.
10:39:36 INFO  : Jtag cable 'Digilent Zed 210248A49A6F' is selected.
10:39:36 INFO  : 'jtag frequency' command is executed.
10:39:36 INFO  : Context for 'APU' is selected.
10:39:36 INFO  : System reset is completed.
10:39:39 INFO  : 'after 3000' command is executed.
10:39:39 INFO  : 'targets -set -filter {jtag_cable_name =~ "Digilent Zed 210248A49A6F" && level==0 && jtag_device_ctx=="jsn-Zed-210248A49A6F-23727093-0"}' command is executed.
10:39:41 INFO  : FPGA configured successfully with bitstream "C:/Users/neastbur/cpre488/mps/MP-0/eclipse_workspace/IP_Design/_ide/bitstream/IP_wrapper.bit"
10:39:41 INFO  : Context for 'APU' is selected.
10:39:41 INFO  : Hardware design and registers information is loaded from 'C:/Users/neastbur/cpre488/mps/MP-0/eclipse_workspace/IP_wrapper/export/IP_wrapper/hw/IP_wrapper.xsa'.
10:39:41 INFO  : 'configparams force-mem-access 1' command is executed.
10:39:41 INFO  : Context for 'APU' is selected.
10:39:41 INFO  : Sourcing of 'C:/Users/neastbur/cpre488/mps/MP-0/eclipse_workspace/IP_Design/_ide/psinit/ps7_init.tcl' is done.
10:39:41 INFO  : 'ps7_init' command is executed.
10:39:41 INFO  : 'ps7_post_config' command is executed.
10:39:41 INFO  : Context for processor 'ps7_cortexa9_0' is selected.
10:39:41 INFO  : The application 'C:/Users/neastbur/cpre488/mps/MP-0/eclipse_workspace/IP_Design/Debug/IP_Design.elf' is downloaded to processor 'ps7_cortexa9_0'.
10:39:41 INFO  : 'configparams force-mem-access 0' command is executed.
10:39:41 INFO  : ----------------XSDB Script----------------
connect -url tcp:127.0.0.1:3121
targets -set -nocase -filter {name =~"APU*"}
rst -system
after 3000
targets -set -filter {jtag_cable_name =~ "Digilent Zed 210248A49A6F" && level==0 && jtag_device_ctx=="jsn-Zed-210248A49A6F-23727093-0"}
fpga -file C:/Users/neastbur/cpre488/mps/MP-0/eclipse_workspace/IP_Design/_ide/bitstream/IP_wrapper.bit
targets -set -nocase -filter {name =~"APU*"}
loadhw -hw C:/Users/neastbur/cpre488/mps/MP-0/eclipse_workspace/IP_wrapper/export/IP_wrapper/hw/IP_wrapper.xsa -mem-ranges [list {0x40000000 0xbfffffff}] -regs
configparams force-mem-access 1
targets -set -nocase -filter {name =~"APU*"}
source C:/Users/neastbur/cpre488/mps/MP-0/eclipse_workspace/IP_Design/_ide/psinit/ps7_init.tcl
ps7_init
ps7_post_config
targets -set -nocase -filter {name =~ "*A9*#0"}
dow C:/Users/neastbur/cpre488/mps/MP-0/eclipse_workspace/IP_Design/Debug/IP_Design.elf
configparams force-mem-access 0
----------------End of Script----------------

10:39:42 INFO  : Context for processor 'ps7_cortexa9_0' is selected.
10:39:42 INFO  : 'con' command is executed.
10:39:42 INFO  : ----------------XSDB Script (After Launch)----------------
targets -set -nocase -filter {name =~ "*A9*#0"}
con
----------------End of Script----------------

10:39:42 INFO  : Launch script is exported to file 'C:\Users\neastbur\cpre488\mps\MP-0\eclipse_workspace\.sdk\launch_scripts\single_application_debug\debugger_ip_design-default.tcl'
10:40:01 INFO  : Disconnected from the channel tcfchan#16.
10:40:02 INFO  : Connected to target on host '127.0.0.1' and port '3121'.
10:40:02 INFO  : Jtag cable 'Digilent Zed 210248A49A6F' is selected.
10:40:02 INFO  : 'jtag frequency' command is executed.
10:40:02 INFO  : Context for 'APU' is selected.
10:40:02 INFO  : System reset is completed.
10:40:05 INFO  : 'after 3000' command is executed.
10:40:05 INFO  : 'targets -set -filter {jtag_cable_name =~ "Digilent Zed 210248A49A6F" && level==0 && jtag_device_ctx=="jsn-Zed-210248A49A6F-23727093-0"}' command is executed.
10:40:08 INFO  : FPGA configured successfully with bitstream "C:/Users/neastbur/cpre488/mps/MP-0/eclipse_workspace/IP_Design/_ide/bitstream/IP_wrapper.bit"
10:40:08 INFO  : Context for 'APU' is selected.
10:40:08 INFO  : Hardware design and registers information is loaded from 'C:/Users/neastbur/cpre488/mps/MP-0/eclipse_workspace/IP_wrapper/export/IP_wrapper/hw/IP_wrapper.xsa'.
10:40:08 INFO  : 'configparams force-mem-access 1' command is executed.
10:40:08 INFO  : Context for 'APU' is selected.
10:40:08 INFO  : Sourcing of 'C:/Users/neastbur/cpre488/mps/MP-0/eclipse_workspace/IP_Design/_ide/psinit/ps7_init.tcl' is done.
10:40:08 INFO  : 'ps7_init' command is executed.
10:40:08 INFO  : 'ps7_post_config' command is executed.
10:40:08 INFO  : Context for processor 'ps7_cortexa9_0' is selected.
10:40:08 INFO  : The application 'C:/Users/neastbur/cpre488/mps/MP-0/eclipse_workspace/IP_Design/Debug/IP_Design.elf' is downloaded to processor 'ps7_cortexa9_0'.
10:40:08 INFO  : 'configparams force-mem-access 0' command is executed.
10:40:08 INFO  : ----------------XSDB Script----------------
connect -url tcp:127.0.0.1:3121
targets -set -nocase -filter {name =~"APU*"}
rst -system
after 3000
targets -set -filter {jtag_cable_name =~ "Digilent Zed 210248A49A6F" && level==0 && jtag_device_ctx=="jsn-Zed-210248A49A6F-23727093-0"}
fpga -file C:/Users/neastbur/cpre488/mps/MP-0/eclipse_workspace/IP_Design/_ide/bitstream/IP_wrapper.bit
targets -set -nocase -filter {name =~"APU*"}
loadhw -hw C:/Users/neastbur/cpre488/mps/MP-0/eclipse_workspace/IP_wrapper/export/IP_wrapper/hw/IP_wrapper.xsa -mem-ranges [list {0x40000000 0xbfffffff}] -regs
configparams force-mem-access 1
targets -set -nocase -filter {name =~"APU*"}
source C:/Users/neastbur/cpre488/mps/MP-0/eclipse_workspace/IP_Design/_ide/psinit/ps7_init.tcl
ps7_init
ps7_post_config
targets -set -nocase -filter {name =~ "*A9*#0"}
dow C:/Users/neastbur/cpre488/mps/MP-0/eclipse_workspace/IP_Design/Debug/IP_Design.elf
configparams force-mem-access 0
----------------End of Script----------------

10:40:08 INFO  : Context for processor 'ps7_cortexa9_0' is selected.
10:40:08 INFO  : 'con' command is executed.
10:40:08 INFO  : ----------------XSDB Script (After Launch)----------------
targets -set -nocase -filter {name =~ "*A9*#0"}
con
----------------End of Script----------------

10:40:08 INFO  : Launch script is exported to file 'C:\Users\neastbur\cpre488\mps\MP-0\eclipse_workspace\.sdk\launch_scripts\single_application_debug\debugger_ip_design-default.tcl'
10:40:38 INFO  : Checking for BSP changes to sync application flags for project 'IP_Design'...
10:40:42 INFO  : Disconnected from the channel tcfchan#17.
10:40:43 INFO  : Connected to target on host '127.0.0.1' and port '3121'.
10:40:43 INFO  : Jtag cable 'Digilent Zed 210248A49A6F' is selected.
10:40:43 INFO  : 'jtag frequency' command is executed.
10:40:43 INFO  : Context for 'APU' is selected.
10:40:43 INFO  : System reset is completed.
10:40:46 INFO  : 'after 3000' command is executed.
10:40:46 INFO  : 'targets -set -filter {jtag_cable_name =~ "Digilent Zed 210248A49A6F" && level==0 && jtag_device_ctx=="jsn-Zed-210248A49A6F-23727093-0"}' command is executed.
10:40:48 INFO  : FPGA configured successfully with bitstream "C:/Users/neastbur/cpre488/mps/MP-0/eclipse_workspace/IP_Design/_ide/bitstream/IP_wrapper.bit"
10:40:48 INFO  : Context for 'APU' is selected.
10:40:48 INFO  : Hardware design and registers information is loaded from 'C:/Users/neastbur/cpre488/mps/MP-0/eclipse_workspace/IP_wrapper/export/IP_wrapper/hw/IP_wrapper.xsa'.
10:40:48 INFO  : 'configparams force-mem-access 1' command is executed.
10:40:48 INFO  : Context for 'APU' is selected.
10:40:48 INFO  : Sourcing of 'C:/Users/neastbur/cpre488/mps/MP-0/eclipse_workspace/IP_Design/_ide/psinit/ps7_init.tcl' is done.
10:40:48 INFO  : 'ps7_init' command is executed.
10:40:48 INFO  : 'ps7_post_config' command is executed.
10:40:48 INFO  : Context for processor 'ps7_cortexa9_0' is selected.
10:40:49 INFO  : The application 'C:/Users/neastbur/cpre488/mps/MP-0/eclipse_workspace/IP_Design/Debug/IP_Design.elf' is downloaded to processor 'ps7_cortexa9_0'.
10:40:49 INFO  : 'configparams force-mem-access 0' command is executed.
10:40:49 INFO  : ----------------XSDB Script----------------
connect -url tcp:127.0.0.1:3121
targets -set -nocase -filter {name =~"APU*"}
rst -system
after 3000
targets -set -filter {jtag_cable_name =~ "Digilent Zed 210248A49A6F" && level==0 && jtag_device_ctx=="jsn-Zed-210248A49A6F-23727093-0"}
fpga -file C:/Users/neastbur/cpre488/mps/MP-0/eclipse_workspace/IP_Design/_ide/bitstream/IP_wrapper.bit
targets -set -nocase -filter {name =~"APU*"}
loadhw -hw C:/Users/neastbur/cpre488/mps/MP-0/eclipse_workspace/IP_wrapper/export/IP_wrapper/hw/IP_wrapper.xsa -mem-ranges [list {0x40000000 0xbfffffff}] -regs
configparams force-mem-access 1
targets -set -nocase -filter {name =~"APU*"}
source C:/Users/neastbur/cpre488/mps/MP-0/eclipse_workspace/IP_Design/_ide/psinit/ps7_init.tcl
ps7_init
ps7_post_config
targets -set -nocase -filter {name =~ "*A9*#0"}
dow C:/Users/neastbur/cpre488/mps/MP-0/eclipse_workspace/IP_Design/Debug/IP_Design.elf
configparams force-mem-access 0
----------------End of Script----------------

10:40:49 INFO  : Context for processor 'ps7_cortexa9_0' is selected.
10:40:49 INFO  : 'con' command is executed.
10:40:49 INFO  : ----------------XSDB Script (After Launch)----------------
targets -set -nocase -filter {name =~ "*A9*#0"}
con
----------------End of Script----------------

10:40:49 INFO  : Launch script is exported to file 'C:\Users\neastbur\cpre488\mps\MP-0\eclipse_workspace\.sdk\launch_scripts\single_application_debug\debugger_ip_design-default.tcl'
10:42:17 INFO  : Disconnected from the channel tcfchan#18.
10:42:18 INFO  : Connected to target on host '127.0.0.1' and port '3121'.
10:42:18 INFO  : Jtag cable 'Digilent Zed 210248A49A6F' is selected.
10:42:18 INFO  : 'jtag frequency' command is executed.
10:42:18 INFO  : Context for 'APU' is selected.
10:42:18 INFO  : System reset is completed.
10:42:21 INFO  : 'after 3000' command is executed.
10:42:21 INFO  : 'targets -set -filter {jtag_cable_name =~ "Digilent Zed 210248A49A6F" && level==0 && jtag_device_ctx=="jsn-Zed-210248A49A6F-23727093-0"}' command is executed.
10:42:24 INFO  : FPGA configured successfully with bitstream "C:/Users/neastbur/cpre488/mps/MP-0/eclipse_workspace/IP_Design/_ide/bitstream/IP_wrapper.bit"
10:42:24 INFO  : Context for 'APU' is selected.
10:42:24 INFO  : Hardware design and registers information is loaded from 'C:/Users/neastbur/cpre488/mps/MP-0/eclipse_workspace/IP_wrapper/export/IP_wrapper/hw/IP_wrapper.xsa'.
10:42:24 INFO  : 'configparams force-mem-access 1' command is executed.
10:42:24 INFO  : Context for 'APU' is selected.
10:42:24 INFO  : Sourcing of 'C:/Users/neastbur/cpre488/mps/MP-0/eclipse_workspace/IP_Design/_ide/psinit/ps7_init.tcl' is done.
10:42:24 INFO  : 'ps7_init' command is executed.
10:42:24 INFO  : 'ps7_post_config' command is executed.
10:42:24 INFO  : Context for processor 'ps7_cortexa9_0' is selected.
10:42:24 INFO  : The application 'C:/Users/neastbur/cpre488/mps/MP-0/eclipse_workspace/IP_Design/Debug/IP_Design.elf' is downloaded to processor 'ps7_cortexa9_0'.
10:42:24 INFO  : 'configparams force-mem-access 0' command is executed.
10:42:24 INFO  : ----------------XSDB Script----------------
connect -url tcp:127.0.0.1:3121
targets -set -nocase -filter {name =~"APU*"}
rst -system
after 3000
targets -set -filter {jtag_cable_name =~ "Digilent Zed 210248A49A6F" && level==0 && jtag_device_ctx=="jsn-Zed-210248A49A6F-23727093-0"}
fpga -file C:/Users/neastbur/cpre488/mps/MP-0/eclipse_workspace/IP_Design/_ide/bitstream/IP_wrapper.bit
targets -set -nocase -filter {name =~"APU*"}
loadhw -hw C:/Users/neastbur/cpre488/mps/MP-0/eclipse_workspace/IP_wrapper/export/IP_wrapper/hw/IP_wrapper.xsa -mem-ranges [list {0x40000000 0xbfffffff}] -regs
configparams force-mem-access 1
targets -set -nocase -filter {name =~"APU*"}
source C:/Users/neastbur/cpre488/mps/MP-0/eclipse_workspace/IP_Design/_ide/psinit/ps7_init.tcl
ps7_init
ps7_post_config
targets -set -nocase -filter {name =~ "*A9*#0"}
dow C:/Users/neastbur/cpre488/mps/MP-0/eclipse_workspace/IP_Design/Debug/IP_Design.elf
configparams force-mem-access 0
----------------End of Script----------------

10:42:24 INFO  : Context for processor 'ps7_cortexa9_0' is selected.
10:42:24 INFO  : 'con' command is executed.
10:42:24 INFO  : ----------------XSDB Script (After Launch)----------------
targets -set -nocase -filter {name =~ "*A9*#0"}
con
----------------End of Script----------------

10:42:24 INFO  : Launch script is exported to file 'C:\Users\neastbur\cpre488\mps\MP-0\eclipse_workspace\.sdk\launch_scripts\single_application_debug\debugger_ip_design-default.tcl'
10:42:28 INFO  : Checking for BSP changes to sync application flags for project 'IP_Design'...
10:42:31 INFO  : Disconnected from the channel tcfchan#19.
10:42:32 INFO  : Connected to target on host '127.0.0.1' and port '3121'.
10:42:32 INFO  : Jtag cable 'Digilent Zed 210248A49A6F' is selected.
10:42:32 INFO  : 'jtag frequency' command is executed.
10:42:32 INFO  : Context for 'APU' is selected.
10:42:32 INFO  : System reset is completed.
10:42:35 INFO  : 'after 3000' command is executed.
10:42:35 INFO  : 'targets -set -filter {jtag_cable_name =~ "Digilent Zed 210248A49A6F" && level==0 && jtag_device_ctx=="jsn-Zed-210248A49A6F-23727093-0"}' command is executed.
10:42:37 INFO  : FPGA configured successfully with bitstream "C:/Users/neastbur/cpre488/mps/MP-0/eclipse_workspace/IP_Design/_ide/bitstream/IP_wrapper.bit"
10:42:37 INFO  : Context for 'APU' is selected.
10:42:37 INFO  : Hardware design and registers information is loaded from 'C:/Users/neastbur/cpre488/mps/MP-0/eclipse_workspace/IP_wrapper/export/IP_wrapper/hw/IP_wrapper.xsa'.
10:42:37 INFO  : 'configparams force-mem-access 1' command is executed.
10:42:37 INFO  : Context for 'APU' is selected.
10:42:37 INFO  : Sourcing of 'C:/Users/neastbur/cpre488/mps/MP-0/eclipse_workspace/IP_Design/_ide/psinit/ps7_init.tcl' is done.
10:42:38 INFO  : 'ps7_init' command is executed.
10:42:38 INFO  : 'ps7_post_config' command is executed.
10:42:38 INFO  : Context for processor 'ps7_cortexa9_0' is selected.
10:42:38 INFO  : The application 'C:/Users/neastbur/cpre488/mps/MP-0/eclipse_workspace/IP_Design/Debug/IP_Design.elf' is downloaded to processor 'ps7_cortexa9_0'.
10:42:38 INFO  : 'configparams force-mem-access 0' command is executed.
10:42:38 INFO  : ----------------XSDB Script----------------
connect -url tcp:127.0.0.1:3121
targets -set -nocase -filter {name =~"APU*"}
rst -system
after 3000
targets -set -filter {jtag_cable_name =~ "Digilent Zed 210248A49A6F" && level==0 && jtag_device_ctx=="jsn-Zed-210248A49A6F-23727093-0"}
fpga -file C:/Users/neastbur/cpre488/mps/MP-0/eclipse_workspace/IP_Design/_ide/bitstream/IP_wrapper.bit
targets -set -nocase -filter {name =~"APU*"}
loadhw -hw C:/Users/neastbur/cpre488/mps/MP-0/eclipse_workspace/IP_wrapper/export/IP_wrapper/hw/IP_wrapper.xsa -mem-ranges [list {0x40000000 0xbfffffff}] -regs
configparams force-mem-access 1
targets -set -nocase -filter {name =~"APU*"}
source C:/Users/neastbur/cpre488/mps/MP-0/eclipse_workspace/IP_Design/_ide/psinit/ps7_init.tcl
ps7_init
ps7_post_config
targets -set -nocase -filter {name =~ "*A9*#0"}
dow C:/Users/neastbur/cpre488/mps/MP-0/eclipse_workspace/IP_Design/Debug/IP_Design.elf
configparams force-mem-access 0
----------------End of Script----------------

10:42:38 INFO  : Context for processor 'ps7_cortexa9_0' is selected.
10:42:38 INFO  : 'con' command is executed.
10:42:38 INFO  : ----------------XSDB Script (After Launch)----------------
targets -set -nocase -filter {name =~ "*A9*#0"}
con
----------------End of Script----------------

10:42:38 INFO  : Launch script is exported to file 'C:\Users\neastbur\cpre488\mps\MP-0\eclipse_workspace\.sdk\launch_scripts\single_application_debug\debugger_ip_design-default.tcl'
10:43:59 INFO  : Disconnected from the channel tcfchan#20.
10:44:00 INFO  : Connected to target on host '127.0.0.1' and port '3121'.
10:44:00 INFO  : Jtag cable 'Digilent Zed 210248A49A6F' is selected.
10:44:00 INFO  : 'jtag frequency' command is executed.
10:44:00 INFO  : Context for 'APU' is selected.
10:44:00 INFO  : System reset is completed.
10:44:01 INFO  : Checking for BSP changes to sync application flags for project 'IP_Design'...
10:44:03 INFO  : 'after 3000' command is executed.
10:44:03 INFO  : 'targets -set -filter {jtag_cable_name =~ "Digilent Zed 210248A49A6F" && level==0 && jtag_device_ctx=="jsn-Zed-210248A49A6F-23727093-0"}' command is executed.
10:44:06 INFO  : FPGA configured successfully with bitstream "C:/Users/neastbur/cpre488/mps/MP-0/eclipse_workspace/IP_Design/_ide/bitstream/IP_wrapper.bit"
10:44:06 INFO  : Context for 'APU' is selected.
10:44:06 INFO  : Hardware design and registers information is loaded from 'C:/Users/neastbur/cpre488/mps/MP-0/eclipse_workspace/IP_wrapper/export/IP_wrapper/hw/IP_wrapper.xsa'.
10:44:06 INFO  : 'configparams force-mem-access 1' command is executed.
10:44:06 INFO  : Context for 'APU' is selected.
10:44:06 INFO  : Sourcing of 'C:/Users/neastbur/cpre488/mps/MP-0/eclipse_workspace/IP_Design/_ide/psinit/ps7_init.tcl' is done.
10:44:06 INFO  : 'ps7_init' command is executed.
10:44:06 INFO  : 'ps7_post_config' command is executed.
10:44:06 INFO  : Context for processor 'ps7_cortexa9_0' is selected.
10:44:06 INFO  : The application 'C:/Users/neastbur/cpre488/mps/MP-0/eclipse_workspace/IP_Design/Debug/IP_Design.elf' is downloaded to processor 'ps7_cortexa9_0'.
10:44:06 INFO  : 'configparams force-mem-access 0' command is executed.
10:44:06 INFO  : ----------------XSDB Script----------------
connect -url tcp:127.0.0.1:3121
targets -set -nocase -filter {name =~"APU*"}
rst -system
after 3000
targets -set -filter {jtag_cable_name =~ "Digilent Zed 210248A49A6F" && level==0 && jtag_device_ctx=="jsn-Zed-210248A49A6F-23727093-0"}
fpga -file C:/Users/neastbur/cpre488/mps/MP-0/eclipse_workspace/IP_Design/_ide/bitstream/IP_wrapper.bit
targets -set -nocase -filter {name =~"APU*"}
loadhw -hw C:/Users/neastbur/cpre488/mps/MP-0/eclipse_workspace/IP_wrapper/export/IP_wrapper/hw/IP_wrapper.xsa -mem-ranges [list {0x40000000 0xbfffffff}] -regs
configparams force-mem-access 1
targets -set -nocase -filter {name =~"APU*"}
source C:/Users/neastbur/cpre488/mps/MP-0/eclipse_workspace/IP_Design/_ide/psinit/ps7_init.tcl
ps7_init
ps7_post_config
targets -set -nocase -filter {name =~ "*A9*#0"}
dow C:/Users/neastbur/cpre488/mps/MP-0/eclipse_workspace/IP_Design/Debug/IP_Design.elf
configparams force-mem-access 0
----------------End of Script----------------

10:44:06 INFO  : Context for processor 'ps7_cortexa9_0' is selected.
10:44:06 INFO  : 'con' command is executed.
10:44:06 INFO  : ----------------XSDB Script (After Launch)----------------
targets -set -nocase -filter {name =~ "*A9*#0"}
con
----------------End of Script----------------

10:44:06 INFO  : Launch script is exported to file 'C:\Users\neastbur\cpre488\mps\MP-0\eclipse_workspace\.sdk\launch_scripts\single_application_debug\debugger_ip_design-default.tcl'
10:47:28 INFO  : Checking for BSP changes to sync application flags for project 'IP_Design'...
10:47:33 INFO  : Checking for BSP changes to sync application flags for project 'IP_Design'...
10:47:37 INFO  : Disconnected from the channel tcfchan#21.
10:47:38 INFO  : Connected to target on host '127.0.0.1' and port '3121'.
10:47:38 INFO  : Jtag cable 'Digilent Zed 210248A49A6F' is selected.
10:47:38 INFO  : 'jtag frequency' command is executed.
10:47:38 INFO  : Context for 'APU' is selected.
10:47:38 INFO  : System reset is completed.
10:47:41 INFO  : 'after 3000' command is executed.
10:47:41 INFO  : 'targets -set -filter {jtag_cable_name =~ "Digilent Zed 210248A49A6F" && level==0 && jtag_device_ctx=="jsn-Zed-210248A49A6F-23727093-0"}' command is executed.
10:47:44 INFO  : FPGA configured successfully with bitstream "C:/Users/neastbur/cpre488/mps/MP-0/eclipse_workspace/IP_Design/_ide/bitstream/IP_wrapper.bit"
10:47:44 INFO  : Context for 'APU' is selected.
10:47:44 INFO  : Hardware design and registers information is loaded from 'C:/Users/neastbur/cpre488/mps/MP-0/eclipse_workspace/IP_wrapper/export/IP_wrapper/hw/IP_wrapper.xsa'.
10:47:44 INFO  : 'configparams force-mem-access 1' command is executed.
10:47:44 INFO  : Context for 'APU' is selected.
10:47:44 INFO  : Sourcing of 'C:/Users/neastbur/cpre488/mps/MP-0/eclipse_workspace/IP_Design/_ide/psinit/ps7_init.tcl' is done.
10:47:44 INFO  : 'ps7_init' command is executed.
10:47:44 INFO  : 'ps7_post_config' command is executed.
10:47:44 INFO  : Context for processor 'ps7_cortexa9_0' is selected.
10:47:44 INFO  : The application 'C:/Users/neastbur/cpre488/mps/MP-0/eclipse_workspace/IP_Design/Debug/IP_Design.elf' is downloaded to processor 'ps7_cortexa9_0'.
10:47:44 INFO  : 'configparams force-mem-access 0' command is executed.
10:47:44 INFO  : ----------------XSDB Script----------------
connect -url tcp:127.0.0.1:3121
targets -set -nocase -filter {name =~"APU*"}
rst -system
after 3000
targets -set -filter {jtag_cable_name =~ "Digilent Zed 210248A49A6F" && level==0 && jtag_device_ctx=="jsn-Zed-210248A49A6F-23727093-0"}
fpga -file C:/Users/neastbur/cpre488/mps/MP-0/eclipse_workspace/IP_Design/_ide/bitstream/IP_wrapper.bit
targets -set -nocase -filter {name =~"APU*"}
loadhw -hw C:/Users/neastbur/cpre488/mps/MP-0/eclipse_workspace/IP_wrapper/export/IP_wrapper/hw/IP_wrapper.xsa -mem-ranges [list {0x40000000 0xbfffffff}] -regs
configparams force-mem-access 1
targets -set -nocase -filter {name =~"APU*"}
source C:/Users/neastbur/cpre488/mps/MP-0/eclipse_workspace/IP_Design/_ide/psinit/ps7_init.tcl
ps7_init
ps7_post_config
targets -set -nocase -filter {name =~ "*A9*#0"}
dow C:/Users/neastbur/cpre488/mps/MP-0/eclipse_workspace/IP_Design/Debug/IP_Design.elf
configparams force-mem-access 0
----------------End of Script----------------

10:47:44 INFO  : Context for processor 'ps7_cortexa9_0' is selected.
10:47:44 INFO  : 'con' command is executed.
10:47:44 INFO  : ----------------XSDB Script (After Launch)----------------
targets -set -nocase -filter {name =~ "*A9*#0"}
con
----------------End of Script----------------

10:47:44 INFO  : Launch script is exported to file 'C:\Users\neastbur\cpre488\mps\MP-0\eclipse_workspace\.sdk\launch_scripts\single_application_debug\debugger_ip_design-default.tcl'
10:50:30 INFO  : Checking for BSP changes to sync application flags for project 'IP_Design'...
10:50:35 INFO  : Checking for BSP changes to sync application flags for project 'IP_Design'...
10:50:39 INFO  : Disconnected from the channel tcfchan#22.
10:50:40 INFO  : Connected to target on host '127.0.0.1' and port '3121'.
10:50:40 INFO  : Jtag cable 'Digilent Zed 210248A49A6F' is selected.
10:50:40 INFO  : 'jtag frequency' command is executed.
10:50:40 INFO  : Context for 'APU' is selected.
10:50:40 INFO  : System reset is completed.
10:50:43 INFO  : 'after 3000' command is executed.
10:50:43 INFO  : 'targets -set -filter {jtag_cable_name =~ "Digilent Zed 210248A49A6F" && level==0 && jtag_device_ctx=="jsn-Zed-210248A49A6F-23727093-0"}' command is executed.
10:50:45 INFO  : FPGA configured successfully with bitstream "C:/Users/neastbur/cpre488/mps/MP-0/eclipse_workspace/IP_Design/_ide/bitstream/IP_wrapper.bit"
10:50:45 INFO  : Context for 'APU' is selected.
10:50:45 INFO  : Hardware design and registers information is loaded from 'C:/Users/neastbur/cpre488/mps/MP-0/eclipse_workspace/IP_wrapper/export/IP_wrapper/hw/IP_wrapper.xsa'.
10:50:45 INFO  : 'configparams force-mem-access 1' command is executed.
10:50:45 INFO  : Context for 'APU' is selected.
10:50:45 INFO  : Sourcing of 'C:/Users/neastbur/cpre488/mps/MP-0/eclipse_workspace/IP_Design/_ide/psinit/ps7_init.tcl' is done.
10:50:45 INFO  : 'ps7_init' command is executed.
10:50:46 INFO  : 'ps7_post_config' command is executed.
10:50:46 INFO  : Context for processor 'ps7_cortexa9_0' is selected.
10:50:46 INFO  : The application 'C:/Users/neastbur/cpre488/mps/MP-0/eclipse_workspace/IP_Design/Debug/IP_Design.elf' is downloaded to processor 'ps7_cortexa9_0'.
10:50:46 INFO  : 'configparams force-mem-access 0' command is executed.
10:50:46 INFO  : ----------------XSDB Script----------------
connect -url tcp:127.0.0.1:3121
targets -set -nocase -filter {name =~"APU*"}
rst -system
after 3000
targets -set -filter {jtag_cable_name =~ "Digilent Zed 210248A49A6F" && level==0 && jtag_device_ctx=="jsn-Zed-210248A49A6F-23727093-0"}
fpga -file C:/Users/neastbur/cpre488/mps/MP-0/eclipse_workspace/IP_Design/_ide/bitstream/IP_wrapper.bit
targets -set -nocase -filter {name =~"APU*"}
loadhw -hw C:/Users/neastbur/cpre488/mps/MP-0/eclipse_workspace/IP_wrapper/export/IP_wrapper/hw/IP_wrapper.xsa -mem-ranges [list {0x40000000 0xbfffffff}] -regs
configparams force-mem-access 1
targets -set -nocase -filter {name =~"APU*"}
source C:/Users/neastbur/cpre488/mps/MP-0/eclipse_workspace/IP_Design/_ide/psinit/ps7_init.tcl
ps7_init
ps7_post_config
targets -set -nocase -filter {name =~ "*A9*#0"}
dow C:/Users/neastbur/cpre488/mps/MP-0/eclipse_workspace/IP_Design/Debug/IP_Design.elf
configparams force-mem-access 0
----------------End of Script----------------

10:50:46 INFO  : Context for processor 'ps7_cortexa9_0' is selected.
10:50:46 INFO  : 'con' command is executed.
10:50:46 INFO  : ----------------XSDB Script (After Launch)----------------
targets -set -nocase -filter {name =~ "*A9*#0"}
con
----------------End of Script----------------

10:50:46 INFO  : Launch script is exported to file 'C:\Users\neastbur\cpre488\mps\MP-0\eclipse_workspace\.sdk\launch_scripts\single_application_debug\debugger_ip_design-default.tcl'
11:07:45 INFO  : Disconnected from the channel tcfchan#23.
11:14:40 INFO  : Launching XSCT server: xsct.bat -n  -interactive C:\Users\neastbur\cpre488\mps\MP-0\eclipse_workspace\temp_xsdb_launch_script.tcl
11:14:41 INFO  : XSCT server has started successfully.
11:14:41 INFO  : Successfully done setting XSCT server connection channel  
11:14:41 INFO  : plnx-install-location is set to ''
11:14:41 INFO  : Successfully done setting workspace for the tool. 
11:14:43 INFO  : Platform repository initialization has completed.
11:14:43 INFO  : Successfully done query RDI_DATADIR 
11:14:43 INFO  : Registering command handlers for Vitis TCF services
11:26:39 INFO  : Launching XSCT server: xsct.bat -n  -interactive C:\Users\neastbur\cpre488\mps\MP-0\eclipse_workspace\temp_xsdb_launch_script.tcl
11:26:40 INFO  : XSCT server has started successfully.
11:26:40 INFO  : plnx-install-location is set to ''
11:26:40 INFO  : Successfully done setting XSCT server connection channel  
11:26:40 INFO  : Successfully done setting workspace for the tool. 
11:26:42 INFO  : Platform repository initialization has completed.
11:26:42 INFO  : Successfully done query RDI_DATADIR 
11:26:42 INFO  : Registering command handlers for Vitis TCF services
11:26:57 INFO  : Projects exported to 'C:\Users\neastbur\cpre488\mps\MP-0\IP_Design_System.ide.zip'
