Vivado Simulator 2020.1
Copyright 1986-1999, 2001-2020 Xilinx, Inc. All Rights Reserved.
Running: Z:/Vivado/Xilinx/Vivado/2020.1/bin/unwrapped/win64.o/xelab.exe -wto e9f3b8e946174b8d92264e23fdb3fe44 --incr --debug typical --relax --mt 2 -L xil_defaultlib -L secureip --snapshot PPM_v1_0_func_synth xil_defaultlib.PPM_v1_0 -log elaborate.log 
Using 2 slave threads.
Starting static elaboration
Completed static elaboration
Starting simulation data flow analysis
Completed simulation data flow analysis
Time Resolution for simulation is 1ps
Compiling package std.standard
Compiling package std.textio
Compiling package ieee.std_logic_1164
Compiling package ieee.numeric_std
Compiling package unisim.vcomponents
Compiling package ieee.vital_timing
Compiling package ieee.vital_primitives
Compiling package unisim.vpkg
Compiling architecture lut6_v of entity unisim.LUT6 [\LUT6(init="11110100010001000100...]
Compiling architecture lut5_v of entity unisim.LUT5 [\LUT5(init="11101010111010101111...]
Compiling architecture lut6_v of entity unisim.LUT6 [\LUT6(init="00101010000000001111...]
Compiling architecture lut2_v of entity unisim.LUT2 [\LUT2(init="1000")(0,3)\]
Compiling architecture fdse_v of entity unisim.FDSE [fdse_default]
Compiling architecture fdre_v of entity unisim.FDRE [fdre_default]
Compiling architecture lut4_v of entity unisim.LUT4 [\LUT4(init="0000000000000110")(0...]
Compiling architecture lut5_v of entity unisim.LUT5 [\LUT5(init="00000000000000000000...]
Compiling architecture lut6_v of entity unisim.LUT6 [\LUT6(init="00000000000000000000...]
Compiling architecture ldce_v of entity unisim.LDCE [ldce_default]
Compiling architecture lut3_v of entity unisim.LUT3 [\LUT3(init="10000000")(0,7)\]
Compiling architecture lut5_v of entity unisim.LUT5 [\LUT5(init="11101010101010101010...]
Compiling architecture lut1_v of entity unisim.LUT1 [\LUT1(init="0001")(0,3)\]
Compiling architecture lut6_v of entity unisim.LUT6 [\LUT6(init="11111111111111111111...]
Compiling architecture lut3_v of entity unisim.LUT3 [\LUT3(init="00000001")(0,7)\]
Compiling architecture lut2_v of entity unisim.LUT2 [\LUT2(init="1110")(0,3)\]
Compiling architecture lut4_v of entity unisim.LUT4 [\LUT4(init="0000000000100000")(0...]
Compiling architecture lut4_v of entity unisim.LUT4 [\LUT4(init="0010000000000000")(0...]
Compiling architecture lut6_v of entity unisim.LUT6 [\LUT6(init="11111111111111111111...]
Compiling architecture lut3_v of entity unisim.LUT3 [\LUT3(init="11111110")(0,7)\]
Compiling architecture lut6_v of entity unisim.LUT6 [\LUT6(init="11111111111010101110...]
Compiling architecture lut2_v of entity unisim.LUT2 [\LUT2(init="0111")(0,3)\]
Compiling architecture lut3_v of entity unisim.LUT3 [\LUT3(init="00001110")(0,7)\]
Compiling architecture lut4_v of entity unisim.LUT4 [\LUT4(init="0000000000000010")(0...]
Compiling architecture carry4_v of entity unisim.CARRY4 [carry4_default]
Compiling architecture structure of entity xil_defaultlib.Capture_PPM_simp [capture_ppm_simp_default]
Compiling architecture lut3_v of entity unisim.LUT3 [\LUT3(init="11101010")(0,7)\]
Compiling architecture lut5_v of entity unisim.LUT5 [\LUT5(init="10101110101011101111...]
Compiling architecture lut4_v of entity unisim.LUT4 [\LUT4(init="1000111110001000")(0...]
Compiling architecture lut5_v of entity unisim.LUT5 [\LUT5(init="00100000000000000000...]
Compiling architecture lut5_v of entity unisim.LUT5 [\LUT5(init="10001010101010100000...]
Compiling architecture fdpe_v of entity unisim.FDPE [fdpe_default]
Compiling architecture fdce_v of entity unisim.FDCE [fdce_default]
Compiling architecture lut2_v of entity unisim.LUT2 [\LUT2(init="0001")(0,3)\]
Compiling architecture lut2_v of entity unisim.LUT2 [\LUT2(init="0010")(0,3)\]
Compiling architecture lut5_v of entity unisim.LUT5 [\LUT5(init="11111111111111111111...]
Compiling architecture lut3_v of entity unisim.LUT3 [\LUT3(init="10111000")(0,7)\]
Compiling architecture lut4_v of entity unisim.LUT4 [\LUT4(init="0000000111110000")(0...]
Compiling architecture lut5_v of entity unisim.LUT5 [\LUT5(init="01010101000000111010...]
Compiling architecture lut6_v of entity unisim.LUT6 [\LUT6(init="01110111011101110000...]
Compiling architecture lut4_v of entity unisim.LUT4 [\LUT4(init="1111110111111100")(0...]
Compiling architecture structure of entity xil_defaultlib.GeneratePPM [generateppm_default]
Compiling architecture ibuf_v of entity unisim.IBUF [\IBUF(1,9)(1,1)(1,4)(1,7)\]
Compiling architecture obuf_v of entity unisim.OBUF [\OBUF(1,9)(1,7)(1,4)\]
Compiling architecture lut6_v of entity unisim.LUT6 [\LUT6(init="10111111111111111011...]
Compiling architecture lut4_v of entity unisim.LUT4 [\LUT4(init="0000000010000000")(0...]
Compiling architecture lut6_v of entity unisim.LUT6 [\LUT6(init="00000000000000001111...]
Compiling architecture lut6_v of entity unisim.LUT6 [\LUT6(init="00000000111000101111...]
Compiling architecture lut5_v of entity unisim.LUT5 [\LUT5(init="00110000101110110011...]
Compiling architecture lut5_v of entity unisim.LUT5 [\LUT5(init="10101111110000001010...]
Compiling architecture lut3_v of entity unisim.LUT3 [\LUT3(init="00001000")(0,7)\]
Compiling architecture lut3_v of entity unisim.LUT3 [\LUT3(init="10111010")(0,7)\]
Compiling architecture muxf7_v of entity unisim.MUXF7 [muxf7_default]
Compiling architecture lut4_v of entity unisim.LUT4 [\LUT4(init="0000100011111000")(0...]
Compiling architecture lut6_v of entity unisim.LUT6 [\LUT6(init="00000000000000000000...]
Compiling architecture lut4_v of entity unisim.LUT4 [\LUT4(init="1000000000000000")(0...]
Compiling architecture lut6_v of entity unisim.LUT6 [\LUT6(init="00000000000000000000...]
Compiling architecture lut6_v of entity unisim.LUT6 [\LUT6(init="00000000000000000000...]
Compiling architecture lut6_v of entity unisim.LUT6 [\LUT6(init="00000000000000000000...]
Compiling architecture structure of entity xil_defaultlib.PPM_v1_0_S00_AXI [ppm_v1_0_s00_axi_default]
Compiling architecture obuft_v of entity unisim.OBUFT [\OBUFT(1,9)(1,7)(1,4)\]
Compiling architecture bufg_v of entity unisim.BUFG [bufg_default]
Compiling architecture structure of entity xil_defaultlib.ppm_v1_0
Built simulation snapshot PPM_v1_0_func_synth
