Copyright 1986-2020 Xilinx, Inc. All Rights Reserved.
------------------------------------------------------------------------------------
| Tool Version : Vivado v.2020.1 (win64) Build 2902540 Wed May 27 19:54:49 MDT 2020
| Date         : Mon Feb 10 03:48:58 2025
| Host         : CO2041-04 running 64-bit major release  (build 9200)
| Command      : upgrade_ip
| Device       : xc7z020clg484-1
------------------------------------------------------------------------------------

Upgrade Log for IP 'zynq_design_1_SNES_controller_peri_0_0'

1. Summary
----------

SUCCESS in the upgrade of zynq_design_1_SNES_controller_peri_0_0 (iastate.edu:user:SNES_controller_periph:1.0) from (Rev. 9) to (Rev. 10)






Copyright 1986-2020 Xilinx, Inc. All Rights Reserved.
------------------------------------------------------------------------------------
| Tool Version : Vivado v.2020.1 (win64) Build 2902540 Wed May 27 19:54:49 MDT 2020
| Date         : Mon Feb 10 03:44:40 2025
| Host         : CO2041-04 running 64-bit major release  (build 9200)
| Command      : upgrade_ip
| Device       : xc7z020clg484-1
------------------------------------------------------------------------------------

Upgrade Log for IP 'zynq_design_1_SNES_controller_peri_0_0'

1. Summary
----------

SUCCESS in the upgrade of zynq_design_1_SNES_controller_peri_0_0 (iastate.edu:user:SNES_controller_periph:1.0) from (Rev. 8) to (Rev. 9)






Copyright 1986-2020 Xilinx, Inc. All Rights Reserved.
------------------------------------------------------------------------------------
| Tool Version : Vivado v.2020.1 (win64) Build 2902540 Wed May 27 19:54:49 MDT 2020
| Date         : Mon Feb 10 02:36:01 2025
| Host         : CO2041-04 running 64-bit major release  (build 9200)
| Command      : upgrade_ip
| Device       : xc7z020clg484-1
------------------------------------------------------------------------------------

Upgrade Log for IP 'zynq_design_1_SNES_controller_peri_0_0'

1. Summary
----------

SUCCESS in the upgrade of zynq_design_1_SNES_controller_peri_0_0 (iastate.edu:user:SNES_controller_periph:1.0) from (Rev. 7) to (Rev. 8)






Copyright 1986-2020 Xilinx, Inc. All Rights Reserved.
------------------------------------------------------------------------------------
| Tool Version : Vivado v.2020.1 (win64) Build 2902540 Wed May 27 19:54:49 MDT 2020
| Date         : Mon Feb 10 02:19:54 2025
| Host         : CO2041-04 running 64-bit major release  (build 9200)
| Command      : upgrade_ip
| Device       : xc7z020clg484-1
------------------------------------------------------------------------------------

Upgrade Log for IP 'zynq_design_1_SNES_controller_peri_0_0'

1. Summary
----------

SUCCESS in the upgrade of zynq_design_1_SNES_controller_peri_0_0 (iastate.edu:user:SNES_controller_periph:1.0) from (Rev. 6) to (Rev. 7)






Copyright 1986-2020 Xilinx, Inc. All Rights Reserved.
------------------------------------------------------------------------------------
| Tool Version : Vivado v.2020.1 (win64) Build 2902540 Wed May 27 19:54:49 MDT 2020
| Date         : Mon Feb 10 02:01:36 2025
| Host         : CO2041-04 running 64-bit major release  (build 9200)
| Command      : upgrade_ip
| Device       : xc7z020clg484-1
------------------------------------------------------------------------------------

Upgrade Log for IP 'zynq_design_1_SNES_controller_peri_0_0'

1. Summary
----------

SUCCESS in the upgrade of zynq_design_1_SNES_controller_peri_0_0 (iastate.edu:user:SNES_controller_periph:1.0) from (Rev. 5) to (Rev. 6)






Copyright 1986-2020 Xilinx, Inc. All Rights Reserved.
------------------------------------------------------------------------------------
| Tool Version : Vivado v.2020.1 (win64) Build 2902540 Wed May 27 19:54:49 MDT 2020
| Date         : Mon Feb 10 01:45:22 2025
| Host         : CO2041-04 running 64-bit major release  (build 9200)
| Command      : upgrade_ip
| Device       : xc7z020clg484-1
------------------------------------------------------------------------------------

Upgrade Log for IP 'zynq_design_1_SNES_controller_peri_0_0'

1. Summary
----------

SUCCESS in the upgrade of zynq_design_1_SNES_controller_peri_0_0 (iastate.edu:user:SNES_controller_periph:1.0) from (Rev. 4) to (Rev. 5)






Copyright 1986-2020 Xilinx, Inc. All Rights Reserved.
------------------------------------------------------------------------------------
| Tool Version : Vivado v.2020.1 (win64) Build 2902540 Wed May 27 19:54:49 MDT 2020
| Date         : Mon Feb 10 01:22:40 2025
| Host         : CO2041-04 running 64-bit major release  (build 9200)
| Command      : upgrade_ip
| Device       : xc7z020clg484-1
------------------------------------------------------------------------------------

Upgrade Log for IP 'zynq_design_1_SNES_controller_peri_0_0'

1. Summary
----------

SUCCESS in the upgrade of zynq_design_1_SNES_controller_peri_0_0 (iastate.edu:user:SNES_controller_periph:1.0) from (Rev. 3) to (Rev. 4)






Copyright 1986-2020 Xilinx, Inc. All Rights Reserved.
------------------------------------------------------------------------------------
| Tool Version : Vivado v.2020.1 (win64) Build 2902540 Wed May 27 19:54:49 MDT 2020
| Date         : Mon Feb 10 01:16:00 2025
| Host         : CO2041-04 running 64-bit major release  (build 9200)
| Command      : upgrade_ip
| Device       : xc7z020clg484-1
------------------------------------------------------------------------------------

Upgrade Log for IP 'zynq_design_1_SNES_controller_peri_0_0'

1. Summary
----------

SUCCESS in the upgrade of zynq_design_1_SNES_controller_peri_0_0 (iastate.edu:user:SNES_controller_periph:1.0) from (Rev. 2) to (Rev. 3)

