02:53:48 INFO  : Launching XSCT server: xsct.bat -n  -interactive C:\Users\Jaxie963\Temp\cpre488\Labs\MP-0\workspace\temp_xsdb_launch_script.tcl
02:53:48 INFO  : Registering command handlers for Vitis TCF services
02:53:50 INFO  : XSCT server has started successfully.
02:53:51 INFO  : Platform repository initialization has completed.
02:53:52 INFO  : Successfully done setting XSCT server connection channel  
02:53:52 INFO  : plnx-install-location is set to ''
02:53:52 INFO  : Successfully done query RDI_DATADIR 
02:53:52 INFO  : Successfully done setting workspace for the tool. 
02:54:45 INFO  : Result from executing command 'getProjects': zynq_design_1_wrapper
02:54:45 INFO  : Result from executing command 'getPlatforms': 
02:54:45 INFO  : Platform 'zynq_design_1_wrapper' is added to custom repositories.
02:54:56 INFO  : Platform 'zynq_design_1_wrapper' is added to custom repositories.
02:56:49 INFO  : Result from executing command 'getProjects': zynq_design_1_wrapper
02:56:49 INFO  : Result from executing command 'getPlatforms': zynq_design_1_wrapper|C:/Users/Jaxie963/Temp/cpre488/Labs/MP-0/workspace/zynq_design_1_wrapper/export/zynq_design_1_wrapper/zynq_design_1_wrapper.xpfm
02:56:49 INFO  : Checking for BSP changes to sync application flags for project 'NES_TEST'...
03:01:06 INFO  : Checking for BSP changes to sync application flags for project 'NES_TEST'...
03:01:14 INFO  : Connected to target on host '127.0.0.1' and port '3121'.
03:01:14 INFO  : 'targets -set -filter {jtag_cable_name =~ "Digilent Zed 210248526090" && level==0 && jtag_device_ctx=="jsn-Zed-210248526090-23727093-0"}' command is executed.
03:01:17 INFO  : FPGA configured successfully with bitstream "C:/Users/Jaxie963/Temp/cpre488/Labs/MP-0/workspace/NES_TEST/_ide/bitstream/zynq_design_1_wrapper.bit"
03:01:23 INFO  : Connected to target on host '127.0.0.1' and port '3121'.
03:01:23 INFO  : Jtag cable 'Digilent Zed 210248526090' is selected.
03:01:23 INFO  : 'jtag frequency' command is executed.
03:01:23 INFO  : Context for 'APU' is selected.
03:01:23 INFO  : System reset is completed.
03:01:26 INFO  : 'after 3000' command is executed.
03:01:26 INFO  : 'targets -set -filter {jtag_cable_name =~ "Digilent Zed 210248526090" && level==0 && jtag_device_ctx=="jsn-Zed-210248526090-23727093-0"}' command is executed.
03:01:29 INFO  : FPGA configured successfully with bitstream "C:/Users/Jaxie963/Temp/cpre488/Labs/MP-0/workspace/NES_TEST/_ide/bitstream/zynq_design_1_wrapper.bit"
03:01:29 INFO  : Context for 'APU' is selected.
03:01:29 INFO  : Hardware design and registers information is loaded from 'C:/Users/Jaxie963/Temp/cpre488/Labs/MP-0/workspace/zynq_design_1_wrapper/export/zynq_design_1_wrapper/hw/zynq_design_1_wrapper.xsa'.
03:01:29 INFO  : 'configparams force-mem-access 1' command is executed.
03:01:29 INFO  : Context for 'APU' is selected.
03:01:29 INFO  : Sourcing of 'C:/Users/Jaxie963/Temp/cpre488/Labs/MP-0/workspace/NES_TEST/_ide/psinit/ps7_init.tcl' is done.
03:01:29 INFO  : 'ps7_init' command is executed.
03:01:29 INFO  : 'ps7_post_config' command is executed.
03:01:29 INFO  : Context for processor 'ps7_cortexa9_0' is selected.
03:01:30 INFO  : The application 'C:/Users/Jaxie963/Temp/cpre488/Labs/MP-0/workspace/NES_TEST/Debug/NES_TEST.elf' is downloaded to processor 'ps7_cortexa9_0'.
03:01:30 INFO  : 'configparams force-mem-access 0' command is executed.
03:01:30 INFO  : ----------------XSDB Script----------------
connect -url tcp:127.0.0.1:3121
targets -set -nocase -filter {name =~"APU*"}
rst -system
after 3000
targets -set -filter {jtag_cable_name =~ "Digilent Zed 210248526090" && level==0 && jtag_device_ctx=="jsn-Zed-210248526090-23727093-0"}
fpga -file C:/Users/Jaxie963/Temp/cpre488/Labs/MP-0/workspace/NES_TEST/_ide/bitstream/zynq_design_1_wrapper.bit
targets -set -nocase -filter {name =~"APU*"}
loadhw -hw C:/Users/Jaxie963/Temp/cpre488/Labs/MP-0/workspace/zynq_design_1_wrapper/export/zynq_design_1_wrapper/hw/zynq_design_1_wrapper.xsa -mem-ranges [list {0x40000000 0xbfffffff}] -regs
configparams force-mem-access 1
targets -set -nocase -filter {name =~"APU*"}
source C:/Users/Jaxie963/Temp/cpre488/Labs/MP-0/workspace/NES_TEST/_ide/psinit/ps7_init.tcl
ps7_init
ps7_post_config
targets -set -nocase -filter {name =~ "*A9*#0"}
dow C:/Users/Jaxie963/Temp/cpre488/Labs/MP-0/workspace/NES_TEST/Debug/NES_TEST.elf
configparams force-mem-access 0
----------------End of Script----------------

03:01:30 INFO  : Context for processor 'ps7_cortexa9_0' is selected.
03:01:30 INFO  : 'con' command is executed.
03:01:30 INFO  : ----------------XSDB Script (After Launch)----------------
targets -set -nocase -filter {name =~ "*A9*#0"}
con
----------------End of Script----------------

03:01:30 INFO  : Launch script is exported to file 'C:\Users\Jaxie963\Temp\cpre488\Labs\MP-0\workspace\.sdk\launch_scripts\single_application_debug\systemdebugger_nes_test_system_standalone.tcl'
03:18:15 INFO  : Checking for BSP changes to sync application flags for project 'NES_TEST'...
03:18:55 INFO  : Checking for BSP changes to sync application flags for project 'NES_TEST'...
03:19:08 INFO  : Checking for BSP changes to sync application flags for project 'NES_TEST'...
03:19:31 INFO  : Checking for BSP changes to sync application flags for project 'NES_TEST'...
03:19:48 INFO  : Checking for BSP changes to sync application flags for project 'NES_TEST'...
03:19:59 INFO  : Checking for BSP changes to sync application flags for project 'NES_TEST'...
03:20:57 INFO  : Connected to target on host '127.0.0.1' and port '3121'.
03:20:57 INFO  : 'targets -set -filter {jtag_cable_name =~ "Digilent Zed 210248526090" && level==0 && jtag_device_ctx=="jsn-Zed-210248526090-23727093-0"}' command is executed.
03:20:59 INFO  : FPGA configured successfully with bitstream "C:/Users/Jaxie963/Temp/cpre488/Labs/MP-0/workspace/NES_TEST/_ide/bitstream/zynq_design_1_wrapper.bit"
03:21:05 INFO  : Disconnected from the channel tcfchan#2.
03:21:05 INFO  : Connected to target on host '127.0.0.1' and port '3121'.
03:21:05 INFO  : Jtag cable 'Digilent Zed 210248526090' is selected.
03:21:05 INFO  : 'jtag frequency' command is executed.
03:21:05 INFO  : Context for 'APU' is selected.
03:21:05 INFO  : System reset is completed.
03:21:08 INFO  : 'after 3000' command is executed.
03:21:08 INFO  : 'targets -set -filter {jtag_cable_name =~ "Digilent Zed 210248526090" && level==0 && jtag_device_ctx=="jsn-Zed-210248526090-23727093-0"}' command is executed.
03:21:11 INFO  : FPGA configured successfully with bitstream "C:/Users/Jaxie963/Temp/cpre488/Labs/MP-0/workspace/NES_TEST/_ide/bitstream/zynq_design_1_wrapper.bit"
03:21:11 INFO  : Context for 'APU' is selected.
03:21:11 INFO  : Hardware design and registers information is loaded from 'C:/Users/Jaxie963/Temp/cpre488/Labs/MP-0/workspace/zynq_design_1_wrapper/export/zynq_design_1_wrapper/hw/zynq_design_1_wrapper.xsa'.
03:21:11 INFO  : 'configparams force-mem-access 1' command is executed.
03:21:11 INFO  : Context for 'APU' is selected.
03:21:11 INFO  : Sourcing of 'C:/Users/Jaxie963/Temp/cpre488/Labs/MP-0/workspace/NES_TEST/_ide/psinit/ps7_init.tcl' is done.
03:21:11 INFO  : 'ps7_init' command is executed.
03:21:11 INFO  : 'ps7_post_config' command is executed.
03:21:11 INFO  : Context for processor 'ps7_cortexa9_0' is selected.
03:21:12 INFO  : The application 'C:/Users/Jaxie963/Temp/cpre488/Labs/MP-0/workspace/NES_TEST/Debug/NES_TEST.elf' is downloaded to processor 'ps7_cortexa9_0'.
03:21:12 INFO  : 'configparams force-mem-access 0' command is executed.
03:21:12 INFO  : ----------------XSDB Script----------------
connect -url tcp:127.0.0.1:3121
targets -set -nocase -filter {name =~"APU*"}
rst -system
after 3000
targets -set -filter {jtag_cable_name =~ "Digilent Zed 210248526090" && level==0 && jtag_device_ctx=="jsn-Zed-210248526090-23727093-0"}
fpga -file C:/Users/Jaxie963/Temp/cpre488/Labs/MP-0/workspace/NES_TEST/_ide/bitstream/zynq_design_1_wrapper.bit
targets -set -nocase -filter {name =~"APU*"}
loadhw -hw C:/Users/Jaxie963/Temp/cpre488/Labs/MP-0/workspace/zynq_design_1_wrapper/export/zynq_design_1_wrapper/hw/zynq_design_1_wrapper.xsa -mem-ranges [list {0x40000000 0xbfffffff}] -regs
configparams force-mem-access 1
targets -set -nocase -filter {name =~"APU*"}
source C:/Users/Jaxie963/Temp/cpre488/Labs/MP-0/workspace/NES_TEST/_ide/psinit/ps7_init.tcl
ps7_init
ps7_post_config
targets -set -nocase -filter {name =~ "*A9*#0"}
dow C:/Users/Jaxie963/Temp/cpre488/Labs/MP-0/workspace/NES_TEST/Debug/NES_TEST.elf
configparams force-mem-access 0
----------------End of Script----------------

03:21:12 INFO  : Context for processor 'ps7_cortexa9_0' is selected.
03:21:12 INFO  : 'con' command is executed.
03:21:12 INFO  : ----------------XSDB Script (After Launch)----------------
targets -set -nocase -filter {name =~ "*A9*#0"}
con
----------------End of Script----------------

03:21:12 INFO  : Launch script is exported to file 'C:\Users\Jaxie963\Temp\cpre488\Labs\MP-0\workspace\.sdk\launch_scripts\single_application_debug\systemdebugger_nes_test_system_standalone.tcl'
04:13:21 INFO  : Launching XSCT server: xsct.bat -n  -interactive C:\Users\Jaxie963\Temp\cpre488\Labs\MP-0\workspace\temp_xsdb_launch_script.tcl
04:47:22 INFO  : Launching XSCT server: xsct.bat -n  -interactive C:\Users\Jaxie963\Temp\cpre488\Labs\MP-0\workspace\temp_xsdb_launch_script.tcl
04:47:24 INFO  : XSCT server has started successfully.
04:47:24 INFO  : plnx-install-location is set to ''
04:47:24 INFO  : Successfully done setting XSCT server connection channel  
04:47:24 INFO  : Successfully done setting workspace for the tool. 
04:47:27 INFO  : Platform repository initialization has completed.
04:47:27 INFO  : Registering command handlers for Vitis TCF services
04:47:29 INFO  : Successfully done query RDI_DATADIR 
04:48:12 INFO  : Hardware specification for platform project 'zynq_design_1_wrapper' is updated.
04:48:37 INFO  : Result from executing command 'getProjects': zynq_design_1_wrapper
04:48:37 INFO  : Result from executing command 'getPlatforms': zynq_design_1_wrapper|C:/Users/Jaxie963/Temp/cpre488/Labs/MP-0/workspace/zynq_design_1_wrapper/export/zynq_design_1_wrapper/zynq_design_1_wrapper.xpfm
04:48:38 INFO  : Checking for BSP changes to sync application flags for project 'NES_TEST'...
04:49:24 INFO  : Connected to target on host '127.0.0.1' and port '3121'.
04:49:24 INFO  : 'targets -set -filter {jtag_cable_name =~ "Digilent Zed 210248526090" && level==0 && jtag_device_ctx=="jsn-Zed-210248526090-23727093-0"}' command is executed.
04:49:27 INFO  : FPGA configured successfully with bitstream "C:/Users/Jaxie963/Temp/cpre488/Labs/MP-0/workspace/NES_TEST/_ide/bitstream/zynq_design_1_wrapper.bit"
04:50:07 INFO  : The hardware specfication used by project 'NES_TEST' is out of sync with the platform. Resource files extracted from the hardware specfiication will be updated.
04:50:07 INFO  : The file 'C:\Users\Jaxie963\Temp\cpre488\Labs\MP-0\workspace\NES_TEST\_ide\bitstream\zynq_design_1_wrapper.bit' stored in project is removed.
04:50:07 INFO  : The updated bitstream files are copied from platform to folder 'C:\Users\Jaxie963\Temp\cpre488\Labs\MP-0\workspace\NES_TEST\_ide\bitstream' in project 'NES_TEST'.
04:50:07 INFO  : The file 'C:\Users\Jaxie963\Temp\cpre488\Labs\MP-0\workspace\NES_TEST\_ide\psinit\ps7_init.tcl' stored in project is removed.
04:50:11 INFO  : The updated ps init files are copied from platform to folder 'C:\Users\Jaxie963\Temp\cpre488\Labs\MP-0\workspace\NES_TEST\_ide\psinit' in project 'NES_TEST'.
04:50:12 INFO  : Connected to target on host '127.0.0.1' and port '3121'.
04:50:12 INFO  : Jtag cable 'Digilent Zed 210248526090' is selected.
04:50:12 INFO  : 'jtag frequency' command is executed.
04:50:12 INFO  : Context for 'APU' is selected.
04:50:12 INFO  : System reset is completed.
04:50:15 INFO  : 'after 3000' command is executed.
04:50:15 INFO  : 'targets -set -filter {jtag_cable_name =~ "Digilent Zed 210248526090" && level==0 && jtag_device_ctx=="jsn-Zed-210248526090-23727093-0"}' command is executed.
04:50:17 INFO  : FPGA configured successfully with bitstream "C:/Users/Jaxie963/Temp/cpre488/Labs/MP-0/workspace/NES_TEST/_ide/bitstream/zynq_design_1_wrapper.bit"
04:50:17 INFO  : Context for 'APU' is selected.
04:50:17 INFO  : Hardware design and registers information is loaded from 'C:/Users/Jaxie963/Temp/cpre488/Labs/MP-0/workspace/zynq_design_1_wrapper/export/zynq_design_1_wrapper/hw/zynq_design_1_wrapper.xsa'.
04:50:17 INFO  : 'configparams force-mem-access 1' command is executed.
04:50:17 INFO  : Context for 'APU' is selected.
04:50:17 INFO  : Sourcing of 'C:/Users/Jaxie963/Temp/cpre488/Labs/MP-0/workspace/NES_TEST/_ide/psinit/ps7_init.tcl' is done.
04:50:18 INFO  : 'ps7_init' command is executed.
04:50:18 INFO  : 'ps7_post_config' command is executed.
04:50:18 INFO  : Context for processor 'ps7_cortexa9_0' is selected.
04:50:19 INFO  : The application 'C:/Users/Jaxie963/Temp/cpre488/Labs/MP-0/workspace/NES_TEST/Debug/NES_TEST.elf' is downloaded to processor 'ps7_cortexa9_0'.
04:50:19 INFO  : 'configparams force-mem-access 0' command is executed.
04:50:19 INFO  : ----------------XSDB Script----------------
connect -url tcp:127.0.0.1:3121
targets -set -nocase -filter {name =~"APU*"}
rst -system
after 3000
targets -set -filter {jtag_cable_name =~ "Digilent Zed 210248526090" && level==0 && jtag_device_ctx=="jsn-Zed-210248526090-23727093-0"}
fpga -file C:/Users/Jaxie963/Temp/cpre488/Labs/MP-0/workspace/NES_TEST/_ide/bitstream/zynq_design_1_wrapper.bit
targets -set -nocase -filter {name =~"APU*"}
loadhw -hw C:/Users/Jaxie963/Temp/cpre488/Labs/MP-0/workspace/zynq_design_1_wrapper/export/zynq_design_1_wrapper/hw/zynq_design_1_wrapper.xsa -mem-ranges [list {0x40000000 0xbfffffff}] -regs
configparams force-mem-access 1
targets -set -nocase -filter {name =~"APU*"}
source C:/Users/Jaxie963/Temp/cpre488/Labs/MP-0/workspace/NES_TEST/_ide/psinit/ps7_init.tcl
ps7_init
ps7_post_config
targets -set -nocase -filter {name =~ "*A9*#0"}
dow C:/Users/Jaxie963/Temp/cpre488/Labs/MP-0/workspace/NES_TEST/Debug/NES_TEST.elf
configparams force-mem-access 0
----------------End of Script----------------

04:50:19 INFO  : Context for processor 'ps7_cortexa9_0' is selected.
04:50:19 INFO  : 'con' command is executed.
04:50:19 INFO  : ----------------XSDB Script (After Launch)----------------
targets -set -nocase -filter {name =~ "*A9*#0"}
con
----------------End of Script----------------

04:50:19 INFO  : Launch script is exported to file 'C:\Users\Jaxie963\Temp\cpre488\Labs\MP-0\workspace\.sdk\launch_scripts\single_application_debug\systemdebugger_nes_test_system_standalone.tcl'
05:14:27 INFO  : Disconnected from the channel tcfchan#2.
