
*** Running vivado
    with args -log PPM_v1_0.vds -m64 -product Vivado -mode batch -messageDb vivado.pb -notrace -source PPM_v1_0.tcl



****** Vivado v2020.1 (64-bit)
  **** SW Build 2902540 on Wed May 27 19:54:49 MDT 2020
  **** IP Build 2902112 on Wed May 27 22:43:36 MDT 2020
    ** Copyright 1986-2020 Xilinx, Inc. All Rights Reserved.

source PPM_v1_0.tcl -notrace
INFO: [IP_Flow 19-234] Refreshing IP repositories
INFO: [IP_Flow 19-1700] Loaded user IP repository 'c:/Users/jaxie963/Temp/cpre488/Projects/ip_repo/PPM_1.0'.
WARNING: [IP_Flow 19-2207] Repository 'c:/Users/jaxie963/Temp/cpre488/Projects/ip_repo/PPM_1.0' already exists; ignoring attempt to add it again.
INFO: [IP_Flow 19-1700] Loaded user IP repository 'c:/Users/jaxie963/Temp/cpre488/Projects/ip_repo/PPM_1.0'.
WARNING: [IP_Flow 19-2207] Repository 'c:/Users/jaxie963/Temp/cpre488/Projects/ip_repo/PPM_1.0' already exists; ignoring attempt to add it again.
INFO: [IP_Flow 19-1700] Loaded user IP repository 'c:/Users/jaxie963/Temp/cpre488/Projects/ip_repo/PPM_1.0'.
INFO: [IP_Flow 19-2313] Loaded Vivado IP repository 'C:/Xilinx/Vivado/2020.1/data/ip'.
Command: synth_design -top PPM_v1_0 -part xc7z020clg484-1
Starting synth_design
Attempting to get a license for feature 'Synthesis' and/or device 'xc7z020'
INFO: [Common 17-349] Got license for feature 'Synthesis' and/or device 'xc7z020'
INFO: [Synth 8-7079] Multithreading enabled for synth_design using a maximum of 2 processes.
INFO: [Synth 8-7078] Launching helper process for spawning children vivado processes
INFO: [Synth 8-7075] Helper process launched with PID 5880
---------------------------------------------------------------------------------
Starting Synthesize : Time (s): cpu = 00:00:01 ; elapsed = 00:00:02 . Memory (MB): peak = 1013.387 ; gain = 0.000
---------------------------------------------------------------------------------
INFO: [Synth 8-638] synthesizing module 'PPM_v1_0' [C:/Users/jaxie963/Temp/cpre488/Projects/ip_repo/PPM_1.0/hdl/PPM_v1_0.vhd:75]
	Parameter C_S00_AXI_DATA_WIDTH bound to: 32 - type: integer 
	Parameter C_S00_AXI_ADDR_WIDTH bound to: 6 - type: integer 
	Parameter C_S_AXI_DATA_WIDTH bound to: 32 - type: integer 
	Parameter C_S_AXI_ADDR_WIDTH bound to: 6 - type: integer 
INFO: [Synth 8-3491] module 'PPM_v1_0_S00_AXI' declared at 'C:/Users/jaxie963/Temp/cpre488/Projects/ip_repo/PPM_1.0/hdl/PPM_v1_0_S00_AXI.vhd:5' bound to instance 'PPM_v1_0_S00_AXI_inst' of component 'PPM_v1_0_S00_AXI' [C:/Users/jaxie963/Temp/cpre488/Projects/ip_repo/PPM_1.0/hdl/PPM_v1_0.vhd:199]
INFO: [Synth 8-638] synthesizing module 'PPM_v1_0_S00_AXI' [C:/Users/jaxie963/Temp/cpre488/Projects/ip_repo/PPM_1.0/hdl/PPM_v1_0_S00_AXI.vhd:116]
	Parameter C_S_AXI_DATA_WIDTH bound to: 32 - type: integer 
	Parameter C_S_AXI_ADDR_WIDTH bound to: 6 - type: integer 
INFO: [Synth 8-226] default block is never used [C:/Users/jaxie963/Temp/cpre488/Projects/ip_repo/PPM_1.0/hdl/PPM_v1_0_S00_AXI.vhd:565]
INFO: [Synth 8-256] done synthesizing module 'PPM_v1_0_S00_AXI' (1#1) [C:/Users/jaxie963/Temp/cpre488/Projects/ip_repo/PPM_1.0/hdl/PPM_v1_0_S00_AXI.vhd:116]
INFO: [Synth 8-3491] module 'GeneratePPM' declared at 'C:/Users/jaxie963/Temp/cpre488/Projects/ip_repo/PPM_1.0/src/GeneratePPM.vhd:6' bound to instance 'GeneratePPM_inst' of component 'GeneratePPM' [C:/Users/jaxie963/Temp/cpre488/Projects/ip_repo/PPM_1.0/hdl/PPM_v1_0.vhd:250]
INFO: [Synth 8-638] synthesizing module 'GeneratePPM' [C:/Users/jaxie963/Temp/cpre488/Projects/ip_repo/PPM_1.0/src/GeneratePPM.vhd:16]
WARNING: [Synth 8-614] signal 'cycle_counter_total' is read in the process but is not in the sensitivity list [C:/Users/jaxie963/Temp/cpre488/Projects/ip_repo/PPM_1.0/src/GeneratePPM.vhd:46]
WARNING: [Synth 8-614] signal 'cycle_counter' is read in the process but is not in the sensitivity list [C:/Users/jaxie963/Temp/cpre488/Projects/ip_repo/PPM_1.0/src/GeneratePPM.vhd:46]
WARNING: [Synth 8-614] signal 'pulse_widths' is read in the process but is not in the sensitivity list [C:/Users/jaxie963/Temp/cpre488/Projects/ip_repo/PPM_1.0/src/GeneratePPM.vhd:46]
WARNING: [Synth 8-614] signal 'channel_index' is read in the process but is not in the sensitivity list [C:/Users/jaxie963/Temp/cpre488/Projects/ip_repo/PPM_1.0/src/GeneratePPM.vhd:46]
INFO: [Synth 8-256] done synthesizing module 'GeneratePPM' (2#1) [C:/Users/jaxie963/Temp/cpre488/Projects/ip_repo/PPM_1.0/src/GeneratePPM.vhd:16]
INFO: [Synth 8-3491] module 'Capture_PPM_simp' declared at 'C:/Users/jaxie963/Temp/cpre488/Projects/ip_repo/PPM_1.0/src/Capture_PPM_simp.vhd:15' bound to instance 'Capture_PPM_simp_inst' of component 'Capture_PPM_simp' [C:/Users/jaxie963/Temp/cpre488/Projects/ip_repo/PPM_1.0/hdl/PPM_v1_0.vhd:264]
INFO: [Synth 8-638] synthesizing module 'Capture_PPM_simp' [C:/Users/jaxie963/Temp/cpre488/Projects/ip_repo/PPM_1.0/src/Capture_PPM_simp.vhd:32]
INFO: [Synth 8-256] done synthesizing module 'Capture_PPM_simp' (3#1) [C:/Users/jaxie963/Temp/cpre488/Projects/ip_repo/PPM_1.0/src/Capture_PPM_simp.vhd:32]
INFO: [Synth 8-256] done synthesizing module 'PPM_v1_0' (4#1) [C:/Users/jaxie963/Temp/cpre488/Projects/ip_repo/PPM_1.0/hdl/PPM_v1_0.vhd:75]
---------------------------------------------------------------------------------
Finished Synthesize : Time (s): cpu = 00:00:01 ; elapsed = 00:00:03 . Memory (MB): peak = 1013.387 ; gain = 0.000
---------------------------------------------------------------------------------
---------------------------------------------------------------------------------
Finished Constraint Validation : Time (s): cpu = 00:00:01 ; elapsed = 00:00:04 . Memory (MB): peak = 1013.387 ; gain = 0.000
---------------------------------------------------------------------------------
---------------------------------------------------------------------------------
Start Loading Part and Timing Information
---------------------------------------------------------------------------------
Loading part: xc7z020clg484-1
---------------------------------------------------------------------------------
Finished Loading Part and Timing Information : Time (s): cpu = 00:00:01 ; elapsed = 00:00:04 . Memory (MB): peak = 1013.387 ; gain = 0.000
---------------------------------------------------------------------------------
INFO: [Device 21-403] Loading part xc7z020clg484-1
INFO: [Synth 8-802] inferred FSM for state register 'PS_reg' in module 'GeneratePPM'
INFO: [Synth 8-802] inferred FSM for state register 'PS_reg' in module 'Capture_PPM_simp'
---------------------------------------------------------------------------------------------------
                   State |                     New Encoding |                Previous Encoding 
---------------------------------------------------------------------------------------------------
                    idle |                          0000001 |                              000
                 gap_low |                          0000010 |                              001
              pulse_high |                          0000100 |                              010
          frame_complete |                          0001000 |                              100
          idle_low_pulse |                          0010000 |                              110
              idle_pulse |                          0100000 |                              101
            next_channel |                          1000000 |                              011
---------------------------------------------------------------------------------------------------
INFO: [Synth 8-3354] encoded FSM with state register 'PS_reg' using encoding 'one-hot' in module 'GeneratePPM'
---------------------------------------------------------------------------------------------------
                   State |                     New Encoding |                Previous Encoding 
---------------------------------------------------------------------------------------------------
             idle_detect |                            00001 |                              000
                    idle |                            00010 |                              001
            interchannel |                            00100 |                              010
                 measure |                            01000 |                              011
                   store |                            10000 |                              100
---------------------------------------------------------------------------------------------------
INFO: [Synth 8-3354] encoded FSM with state register 'PS_reg' using encoding 'one-hot' in module 'Capture_PPM_simp'
---------------------------------------------------------------------------------
Finished RTL Optimization Phase 2 : Time (s): cpu = 00:00:01 ; elapsed = 00:00:04 . Memory (MB): peak = 1013.387 ; gain = 0.000
---------------------------------------------------------------------------------
No constraint files found.
---------------------------------------------------------------------------------
Start RTL Component Statistics 
---------------------------------------------------------------------------------
Detailed RTL Component Info : 
+---Adders : 
	   2 Input   32 Bit       Adders := 3     
	   2 Input    3 Bit       Adders := 2     
+---Registers : 
	               32 Bit    Registers := 37    
	               20 Bit    Registers := 1     
	                6 Bit    Registers := 2     
	                3 Bit    Registers := 5     
	                2 Bit    Registers := 2     
	                1 Bit    Registers := 12    
+---Muxes : 
	   2 Input   32 Bit        Muxes := 7     
	   8 Input   32 Bit        Muxes := 7     
	   7 Input   32 Bit        Muxes := 2     
	   7 Input    7 Bit        Muxes := 1     
	   2 Input    7 Bit        Muxes := 6     
	   5 Input    5 Bit        Muxes := 1     
	   2 Input    5 Bit        Muxes := 5     
	   7 Input    3 Bit        Muxes := 1     
	   4 Input    3 Bit        Muxes := 1     
	   5 Input    3 Bit        Muxes := 1     
	   2 Input    1 Bit        Muxes := 12    
	   7 Input    1 Bit        Muxes := 5     
	   5 Input    1 Bit        Muxes := 6     
	   3 Input    1 Bit        Muxes := 1     
	   4 Input    1 Bit        Muxes := 1     
	   6 Input    1 Bit        Muxes := 1     
---------------------------------------------------------------------------------
Finished RTL Component Statistics 
---------------------------------------------------------------------------------
---------------------------------------------------------------------------------
Start Part Resource Summary
---------------------------------------------------------------------------------
Part Resources:
DSPs: 220 (col length:60)
BRAMs: 280 (col length: RAMB18 60 RAMB36 30)
---------------------------------------------------------------------------------
Finished Part Resource Summary
---------------------------------------------------------------------------------
No constraint files found.
---------------------------------------------------------------------------------
Start Cross Boundary and Area Optimization
---------------------------------------------------------------------------------
---------------------------------------------------------------------------------
Finished Cross Boundary and Area Optimization : Time (s): cpu = 00:00:01 ; elapsed = 00:00:08 . Memory (MB): peak = 1013.387 ; gain = 0.000
---------------------------------------------------------------------------------
No constraint files found.
---------------------------------------------------------------------------------
Start Timing Optimization
---------------------------------------------------------------------------------
---------------------------------------------------------------------------------
Finished Timing Optimization : Time (s): cpu = 00:00:01 ; elapsed = 00:00:09 . Memory (MB): peak = 1013.387 ; gain = 0.000
---------------------------------------------------------------------------------
---------------------------------------------------------------------------------
Start Technology Mapping
---------------------------------------------------------------------------------
---------------------------------------------------------------------------------
Finished Technology Mapping : Time (s): cpu = 00:00:01 ; elapsed = 00:00:09 . Memory (MB): peak = 1013.387 ; gain = 0.000
---------------------------------------------------------------------------------
---------------------------------------------------------------------------------
Start IO Insertion
---------------------------------------------------------------------------------
---------------------------------------------------------------------------------
Start Flattening Before IO Insertion
---------------------------------------------------------------------------------
---------------------------------------------------------------------------------
Finished Flattening Before IO Insertion
---------------------------------------------------------------------------------
---------------------------------------------------------------------------------
Start Final Netlist Cleanup
---------------------------------------------------------------------------------
---------------------------------------------------------------------------------
Finished Final Netlist Cleanup
---------------------------------------------------------------------------------
---------------------------------------------------------------------------------
Finished IO Insertion : Time (s): cpu = 00:00:01 ; elapsed = 00:00:11 . Memory (MB): peak = 1013.387 ; gain = 0.000
---------------------------------------------------------------------------------
---------------------------------------------------------------------------------
Start Renaming Generated Instances
---------------------------------------------------------------------------------
---------------------------------------------------------------------------------
Finished Renaming Generated Instances : Time (s): cpu = 00:00:01 ; elapsed = 00:00:11 . Memory (MB): peak = 1013.387 ; gain = 0.000
---------------------------------------------------------------------------------
---------------------------------------------------------------------------------
Start Rebuilding User Hierarchy
---------------------------------------------------------------------------------
---------------------------------------------------------------------------------
Finished Rebuilding User Hierarchy : Time (s): cpu = 00:00:01 ; elapsed = 00:00:11 . Memory (MB): peak = 1013.387 ; gain = 0.000
---------------------------------------------------------------------------------
---------------------------------------------------------------------------------
Start Renaming Generated Ports
---------------------------------------------------------------------------------
---------------------------------------------------------------------------------
Finished Renaming Generated Ports : Time (s): cpu = 00:00:01 ; elapsed = 00:00:11 . Memory (MB): peak = 1013.387 ; gain = 0.000
---------------------------------------------------------------------------------
---------------------------------------------------------------------------------
Start Handling Custom Attributes
---------------------------------------------------------------------------------
---------------------------------------------------------------------------------
Finished Handling Custom Attributes : Time (s): cpu = 00:00:01 ; elapsed = 00:00:11 . Memory (MB): peak = 1013.387 ; gain = 0.000
---------------------------------------------------------------------------------
---------------------------------------------------------------------------------
Start Renaming Generated Nets
---------------------------------------------------------------------------------
---------------------------------------------------------------------------------
Finished Renaming Generated Nets : Time (s): cpu = 00:00:01 ; elapsed = 00:00:11 . Memory (MB): peak = 1013.387 ; gain = 0.000
---------------------------------------------------------------------------------
---------------------------------------------------------------------------------
Start Writing Synthesis Report
---------------------------------------------------------------------------------

Report BlackBoxes: 
+-+--------------+----------+
| |BlackBox name |Instances |
+-+--------------+----------+
+-+--------------+----------+

Report Cell Usage: 
+------+-------+------+
|      |Cell   |Count |
+------+-------+------+
|1     |BUFG   |     1|
|2     |CARRY4 |    41|
|3     |LUT1   |    25|
|4     |LUT2   |     4|
|5     |LUT3   |    43|
|6     |LUT4   |    87|
|7     |LUT5   |    81|
|8     |LUT6   |   210|
|9     |MUXF7  |     2|
|10    |MUXF8  |     1|
|11    |FDRE   |  1179|
|12    |FDSE   |    28|
|13    |IBUF   |    52|
|14    |OBUF   |    45|
+------+-------+------+

Report Instance Areas: 
+------+------------------------+-----------------+------+
|      |Instance                |Module           |Cells |
+------+------------------------+-----------------+------+
|1     |top                     |                 |  1799|
|2     |  Capture_PPM_simp_inst |Capture_PPM_simp |   332|
|3     |  GeneratePPM_inst      |GeneratePPM      |   514|
|4     |  PPM_v1_0_S00_AXI_inst |PPM_v1_0_S00_AXI |   855|
+------+------------------------+-----------------+------+
---------------------------------------------------------------------------------
Finished Writing Synthesis Report : Time (s): cpu = 00:00:01 ; elapsed = 00:00:11 . Memory (MB): peak = 1013.387 ; gain = 0.000
---------------------------------------------------------------------------------
Synthesis finished with 0 errors, 0 critical warnings and 4 warnings.
Synthesis Optimization Runtime : Time (s): cpu = 00:00:01 ; elapsed = 00:00:11 . Memory (MB): peak = 1013.387 ; gain = 0.000
Synthesis Optimization Complete : Time (s): cpu = 00:00:01 ; elapsed = 00:00:11 . Memory (MB): peak = 1013.387 ; gain = 0.000
INFO: [Project 1-571] Translating synthesized netlist
Netlist sorting complete. Time (s): cpu = 00:00:00 ; elapsed = 00:00:00.018 . Memory (MB): peak = 1013.387 ; gain = 0.000
INFO: [Netlist 29-17] Analyzing 44 Unisim elements for replacement
INFO: [Netlist 29-28] Unisim Transformation completed in 0 CPU seconds
INFO: [Project 1-570] Preparing netlist for logic optimization
INFO: [Opt 31-138] Pushed 0 inverter(s) to 0 load pin(s).
Netlist sorting complete. Time (s): cpu = 00:00:00 ; elapsed = 00:00:00 . Memory (MB): peak = 1013.387 ; gain = 0.000
INFO: [Project 1-111] Unisim Transformation Summary:
No Unisim elements were transformed.

INFO: [Common 17-83] Releasing license: Synthesis
33 Infos, 6 Warnings, 0 Critical Warnings and 0 Errors encountered.
synth_design completed successfully
synth_design: Time (s): cpu = 00:00:01 ; elapsed = 00:00:14 . Memory (MB): peak = 1013.387 ; gain = 0.000
INFO: [Common 17-1381] The checkpoint 'C:/Users/jaxie963/Temp/cpre488/Projects/ip_repo/edit_PPM_v1_0.runs/synth_1/PPM_v1_0.dcp' has been generated.
INFO: [runtcl-4] Executing : report_utilization -file PPM_v1_0_utilization_synth.rpt -pb PPM_v1_0_utilization_synth.pb
INFO: [Common 17-206] Exiting Vivado at Sun Feb 23 18:35:17 2025...
